2025-02-12 01:56:13,929 [Worker-6: Loading available Gradle versions] INFO  o.e.b.c.i.u.g.PublishedGradleVersions - Gradle version information cache is not available. Remote download required.
2025-02-12 01:56:44,083 [Worker-6: Importing Maven projects] INFO  o.e.m.c.i.l.LifecycleMappingFactory - Using org.eclipse.m2e.jdt.JarLifecycleMapping lifecycle mapping for MavenProject: com.sportico:spring_boot_backend_template:0.0.1-SNAPSHOT @ C:\Users\user\OneDrive\Documents\982\SPORTICO_project\SPORTICO-Sport-Academy-Management-backend\pom.xml.
2025-02-12 01:56:50,287 [Worker-6: Importing Maven projects] INFO  o.e.m.c.i.e.AbstractTransferListenerAdapter - Downloading https://repo.maven.apache.org/maven2/org/springframework/boot/spring-boot-starter-mail/3.3.5/spring-boot-starter-mail-3.3.5.pom
2025-02-12 01:56:50,339 [Worker-6: Importing Maven projects] INFO  o.e.m.c.i.e.AbstractTransferListenerAdapter - Downloaded https://repo.maven.apache.org/maven2/org/springframework/boot/spring-boot-starter-mail/3.3.5/spring-boot-starter-mail-3.3.5.pom
2025-02-12 01:56:50,410 [Worker-6: Importing Maven projects] INFO  o.e.m.c.i.e.AbstractTransferListenerAdapter - Downloading https://repo.maven.apache.org/maven2/org/eclipse/angus/jakarta.mail/2.0.3/jakarta.mail-2.0.3.pom
2025-02-12 01:56:50,456 [Worker-6: Importing Maven projects] INFO  o.e.m.c.i.e.AbstractTransferListenerAdapter - Downloaded https://repo.maven.apache.org/maven2/org/eclipse/angus/jakarta.mail/2.0.3/jakarta.mail-2.0.3.pom
2025-02-12 01:56:50,483 [Worker-6: Importing Maven projects] INFO  o.e.m.c.i.e.AbstractTransferListenerAdapter - Downloading https://repo.maven.apache.org/maven2/org/eclipse/angus/all/2.0.3/all-2.0.3.pom
2025-02-12 01:56:50,527 [Worker-6: Importing Maven projects] INFO  o.e.m.c.i.e.AbstractTransferListenerAdapter - Downloaded https://repo.maven.apache.org/maven2/org/eclipse/angus/all/2.0.3/all-2.0.3.pom
2025-02-12 01:56:50,744 [Worker-6: Importing Maven projects] INFO  o.e.m.c.i.e.AbstractTransferListenerAdapter - Downloading https://repo.maven.apache.org/maven2/org/springframework/boot/spring-boot-starter-mail/3.3.5/spring-boot-starter-mail-3.3.5.jar
2025-02-12 01:56:50,822 [Worker-6: Importing Maven projects] INFO  o.e.m.c.i.e.AbstractTransferListenerAdapter - Downloaded https://repo.maven.apache.org/maven2/org/springframework/boot/spring-boot-starter-mail/3.3.5/spring-boot-starter-mail-3.3.5.jar
2025-02-12 01:56:50,838 [BasicRepositoryConnector-repo.maven.apache.org-0-0] INFO  o.e.m.c.i.e.AbstractTransferListenerAdapter - Downloading https://repo.maven.apache.org/maven2/org/eclipse/angus/jakarta.mail/2.0.3/jakarta.mail-2.0.3.jar
2025-02-12 01:56:50,963 [BasicRepositoryConnector-repo.maven.apache.org-0-0] INFO  o.e.m.c.i.e.AbstractTransferListenerAdapter - Downloaded https://repo.maven.apache.org/maven2/org/eclipse/angus/jakarta.mail/2.0.3/jakarta.mail-2.0.3.jar
2025-02-12 01:56:54,951 [Worker-6: Importing Maven projects] INFO  o.e.m.j.i.AbstractJavaProjectConfigurator - Adding source folder /SPORTICO-Sport-Academy-Management-backend/src/main/java
2025-02-12 01:56:54,955 [Worker-6: Importing Maven projects] INFO  o.e.m.j.i.AbstractJavaProjectConfigurator - Adding resource folder /SPORTICO-Sport-Academy-Management-backend/src/main/resources
2025-02-12 01:56:54,963 [Worker-6: Importing Maven projects] INFO  o.e.m.j.i.AbstractJavaProjectConfigurator - Adding resource folder /SPORTICO-Sport-Academy-Management-backend/src/main/resources
2025-02-12 01:56:54,974 [Worker-6: Importing Maven projects] INFO  o.e.m.j.i.AbstractJavaProjectConfigurator - Adding source folder /SPORTICO-Sport-Academy-Management-backend/src/test/java
2025-02-12 01:56:54,975 [Worker-6: Importing Maven projects] INFO  o.e.m.j.i.AbstractJavaProjectConfigurator - Adding resource folder /SPORTICO-Sport-Academy-Management-backend/src/test/resources
2025-02-12 01:56:55,454 [Worker-10: Download sources and javadoc] INFO  o.e.m.c.i.e.AbstractTransferListenerAdapter - Downloading https://repo.maven.apache.org/maven2/org/springframework/boot/spring-boot-starter-mail/3.3.5/spring-boot-starter-mail-3.3.5-sources.jar
2025-02-12 01:56:55,497 [Worker-10: Download sources and javadoc] INFO  o.e.m.c.i.e.AbstractTransferListenerAdapter - Downloaded https://repo.maven.apache.org/maven2/org/springframework/boot/spring-boot-starter-mail/3.3.5/spring-boot-starter-mail-3.3.5-sources.jar
2025-02-12 01:56:55,503 [Worker-10: Download sources and javadoc] INFO  o.e.m.j.internal.DownloadSourcesJob - Downloaded sources for org.springframework.boot:spring-boot-starter-mail:3.3.5
2025-02-12 01:56:55,618 [Worker-10: Download sources and javadoc] INFO  o.e.m.c.i.e.AbstractTransferListenerAdapter - Downloading https://repo.maven.apache.org/maven2/org/eclipse/angus/jakarta.mail/2.0.3/jakarta.mail-2.0.3-sources.jar
2025-02-12 01:56:55,949 [Worker-10: Download sources and javadoc] INFO  o.e.m.c.i.e.AbstractTransferListenerAdapter - Downloaded https://repo.maven.apache.org/maven2/org/eclipse/angus/jakarta.mail/2.0.3/jakarta.mail-2.0.3-sources.jar
2025-02-12 01:56:55,961 [Worker-10: Download sources and javadoc] INFO  o.e.m.j.internal.DownloadSourcesJob - Downloaded sources for org.eclipse.angus:jakarta.mail:2.0.3
2025-02-12 01:57:01,535 [Worker-6: Importing Maven projects] INFO  o.e.m.c.i.p.ProjectConfigurationManager - Imported and configured 1 project(s) in 24 sec
2025-02-12 01:57:02,149 [Worker-1: Updating Maven Project] INFO  o.e.m.c.i.p.ProjectConfigurationManager - Update started
2025-02-12 01:57:02,810 [Worker-1: Updating Maven Project] INFO  o.e.m.c.i.l.LifecycleMappingFactory - Using org.eclipse.m2e.jdt.JarLifecycleMapping lifecycle mapping for MavenProject: com.sportico:spring_boot_backend_template:0.0.1-SNAPSHOT @ C:\Users\user\OneDrive\Documents\982\SPORTICO_project\SPORTICO-Sport-Academy-Management-backend\pom.xml.
2025-02-12 01:57:04,147 [Worker-1: Updating Maven Project] INFO  o.e.m.j.i.AbstractJavaProjectConfigurator - Adding source folder /SPORTICO-Sport-Academy-Management-backend/src/main/java
2025-02-12 01:57:04,148 [Worker-1: Updating Maven Project] INFO  o.e.m.j.i.AbstractJavaProjectConfigurator - Adding resource folder /SPORTICO-Sport-Academy-Management-backend/src/main/resources
2025-02-12 01:57:04,149 [Worker-1: Updating Maven Project] INFO  o.e.m.j.i.AbstractJavaProjectConfigurator - Adding resource folder /SPORTICO-Sport-Academy-Management-backend/src/main/resources
2025-02-12 01:57:04,149 [Worker-1: Updating Maven Project] INFO  o.e.m.j.i.AbstractJavaProjectConfigurator - Adding source folder /SPORTICO-Sport-Academy-Management-backend/src/test/java
2025-02-12 01:57:04,150 [Worker-1: Updating Maven Project] INFO  o.e.m.j.i.AbstractJavaProjectConfigurator - Adding resource folder /SPORTICO-Sport-Academy-Management-backend/src/test/resources
2025-02-12 01:57:05,108 [Worker-1: Updating Maven Project] INFO  o.e.m.c.i.p.ProjectConfigurationManager - Update completed for 1 poms: local refresh takes 0.00 sec, refresh facades takes 1.00 sec, update config takes 0.00 sec 
2025-02-12 01:57:05,114 [Worker-10: Updating Maven Project] INFO  o.e.m.c.i.p.ProjectConfigurationManager - Update started
2025-02-12 01:57:05,753 [Worker-10: Updating Maven Project] INFO  o.e.m.c.i.l.LifecycleMappingFactory - Using org.eclipse.m2e.jdt.JarLifecycleMapping lifecycle mapping for MavenProject: com.sportico:spring_boot_backend_template:0.0.1-SNAPSHOT @ C:\Users\user\OneDrive\Documents\982\SPORTICO_project\SPORTICO-Sport-Academy-Management-backend\pom.xml.
2025-02-12 01:57:07,027 [Worker-10: Updating Maven Project] INFO  o.e.m.j.i.AbstractJavaProjectConfigurator - Adding source folder /SPORTICO-Sport-Academy-Management-backend/src/main/java
2025-02-12 01:57:07,029 [Worker-10: Updating Maven Project] INFO  o.e.m.j.i.AbstractJavaProjectConfigurator - Adding resource folder /SPORTICO-Sport-Academy-Management-backend/src/main/resources
2025-02-12 01:57:07,031 [Worker-10: Updating Maven Project] INFO  o.e.m.j.i.AbstractJavaProjectConfigurator - Adding resource folder /SPORTICO-Sport-Academy-Management-backend/src/main/resources
2025-02-12 01:57:07,032 [Worker-10: Updating Maven Project] INFO  o.e.m.j.i.AbstractJavaProjectConfigurator - Adding source folder /SPORTICO-Sport-Academy-Management-backend/src/test/java
2025-02-12 01:57:07,033 [Worker-10: Updating Maven Project] INFO  o.e.m.j.i.AbstractJavaProjectConfigurator - Adding resource folder /SPORTICO-Sport-Academy-Management-backend/src/test/resources
2025-02-12 01:57:07,579 [Worker-10: Updating Maven Project] INFO  o.e.m.c.i.p.ProjectConfigurationManager - Update completed for 1 poms: local refresh takes 0.00 sec, refresh facades takes 1.00 sec, update config takes 0.00 sec 
2025-02-12 01:57:09,549 [Worker-3: Building] INFO  o.a.m.s.f.DefaultMavenResourcesFiltering - Copying 1 resource from src\main\resources to target\classes
2025-02-12 01:57:09,588 [Worker-3: Building] INFO  o.a.m.s.f.DefaultMavenResourcesFiltering - Copying 1 resource from src\main\resources to target\classes
2025-02-12 01:57:09,605 [Worker-3: Building] INFO  o.a.m.s.f.DefaultMavenResourcesFiltering - skip non existing resourceDirectory C:\Users\user\OneDrive\Documents\982\SPORTICO_project\SPORTICO-Sport-Academy-Management-backend\src\test\resources
2025-02-12 01:57:47,199 [Worker-13: Launching Executing clean in C__Users_user_OneDrive_Documents_982_SPORTICO_project_SPORTICO-Sport-Academy-Management-backend] INFO  o.eclipse.m2e.core.internal.Bundles - getClasspathEntries(Bundle=org.eclipse.m2e.maven.runtime_3.9.900.20240824-1409 [360])
2025-02-12 01:57:47,202 [Worker-13: Launching Executing clean in C__Users_user_OneDrive_Documents_982_SPORTICO_project_SPORTICO-Sport-Academy-Management-backend] INFO  o.eclipse.m2e.core.internal.Bundles - 	Entry: C:\sts-4.26.0.RELEASE\plugins\org.eclipse.m2e.maven.runtime_3.9.900.20240824-1409
2025-02-12 01:57:47,202 [Worker-13: Launching Executing clean in C__Users_user_OneDrive_Documents_982_SPORTICO_project_SPORTICO-Sport-Academy-Management-backend] INFO  o.eclipse.m2e.core.internal.Bundles - 	Entry: C:\sts-4.26.0.RELEASE\plugins\org.eclipse.m2e.maven.runtime_3.9.900.20240824-1409\jars\aopalliance-1.0.jar
2025-02-12 01:57:47,203 [Worker-13: Launching Executing clean in C__Users_user_OneDrive_Documents_982_SPORTICO_project_SPORTICO-Sport-Academy-Management-backend] INFO  o.eclipse.m2e.core.internal.Bundles - 	Entry: C:\sts-4.26.0.RELEASE\plugins\org.eclipse.m2e.maven.runtime_3.9.900.20240824-1409\jars\guice-5.1.0.jar
2025-02-12 01:57:47,203 [Worker-13: Launching Executing clean in C__Users_user_OneDrive_Documents_982_SPORTICO_project_SPORTICO-Sport-Academy-Management-backend] INFO  o.eclipse.m2e.core.internal.Bundles - 	Entry: C:\sts-4.26.0.RELEASE\plugins\org.eclipse.m2e.maven.runtime_3.9.900.20240824-1409\jars\httpclient-4.5.14.jar
2025-02-12 01:57:47,203 [Worker-13: Launching Executing clean in C__Users_user_OneDrive_Documents_982_SPORTICO_project_SPORTICO-Sport-Academy-Management-backend] INFO  o.eclipse.m2e.core.internal.Bundles - 	Entry: C:\sts-4.26.0.RELEASE\plugins\org.eclipse.m2e.maven.runtime_3.9.900.20240824-1409\jars\httpcore-4.4.16.jar
2025-02-12 01:57:47,203 [Worker-13: Launching Executing clean in C__Users_user_OneDrive_Documents_982_SPORTICO_project_SPORTICO-Sport-Academy-Management-backend] INFO  o.eclipse.m2e.core.internal.Bundles - 	Entry: C:\sts-4.26.0.RELEASE\plugins\org.eclipse.m2e.maven.runtime_3.9.900.20240824-1409\jars\jansi-2.4.1.jar
2025-02-12 01:57:47,203 [Worker-13: Launching Executing clean in C__Users_user_OneDrive_Documents_982_SPORTICO_project_SPORTICO-Sport-Academy-Management-backend] INFO  o.eclipse.m2e.core.internal.Bundles - 	Entry: C:\sts-4.26.0.RELEASE\plugins\org.eclipse.m2e.maven.runtime_3.9.900.20240824-1409\jars\jcl-over-slf4j-1.7.36.jar
2025-02-12 01:57:47,204 [Worker-13: Launching Executing clean in C__Users_user_OneDrive_Documents_982_SPORTICO_project_SPORTICO-Sport-Academy-Management-backend] INFO  o.eclipse.m2e.core.internal.Bundles - 	Entry: C:\sts-4.26.0.RELEASE\plugins\org.eclipse.m2e.maven.runtime_3.9.900.20240824-1409\jars\maven-artifact-3.9.9.jar
2025-02-12 01:57:47,204 [Worker-13: Launching Executing clean in C__Users_user_OneDrive_Documents_982_SPORTICO_project_SPORTICO-Sport-Academy-Management-backend] INFO  o.eclipse.m2e.core.internal.Bundles - 	Entry: C:\sts-4.26.0.RELEASE\plugins\org.eclipse.m2e.maven.runtime_3.9.900.20240824-1409\jars\maven-builder-support-3.9.9.jar
2025-02-12 01:57:47,204 [Worker-13: Launching Executing clean in C__Users_user_OneDrive_Documents_982_SPORTICO_project_SPORTICO-Sport-Academy-Management-backend] INFO  o.eclipse.m2e.core.internal.Bundles - 	Entry: C:\sts-4.26.0.RELEASE\plugins\org.eclipse.m2e.maven.runtime_3.9.900.20240824-1409\jars\maven-compat-3.9.9.jar
2025-02-12 01:57:47,204 [Worker-13: Launching Executing clean in C__Users_user_OneDrive_Documents_982_SPORTICO_project_SPORTICO-Sport-Academy-Management-backend] INFO  o.eclipse.m2e.core.internal.Bundles - 	Entry: C:\sts-4.26.0.RELEASE\plugins\org.eclipse.m2e.maven.runtime_3.9.900.20240824-1409\jars\maven-core-3.9.9.jar
2025-02-12 01:57:47,204 [Worker-13: Launching Executing clean in C__Users_user_OneDrive_Documents_982_SPORTICO_project_SPORTICO-Sport-Academy-Management-backend] INFO  o.eclipse.m2e.core.internal.Bundles - 	Entry: C:\sts-4.26.0.RELEASE\plugins\org.eclipse.m2e.maven.runtime_3.9.900.20240824-1409\jars\maven-embedder-3.9.9.jar
2025-02-12 01:57:47,204 [Worker-13: Launching Executing clean in C__Users_user_OneDrive_Documents_982_SPORTICO_project_SPORTICO-Sport-Academy-Management-backend] INFO  o.eclipse.m2e.core.internal.Bundles - 	Entry: C:\sts-4.26.0.RELEASE\plugins\org.eclipse.m2e.maven.runtime_3.9.900.20240824-1409\jars\maven-model-3.9.9.jar
2025-02-12 01:57:47,204 [Worker-13: Launching Executing clean in C__Users_user_OneDrive_Documents_982_SPORTICO_project_SPORTICO-Sport-Academy-Management-backend] INFO  o.eclipse.m2e.core.internal.Bundles - 	Entry: C:\sts-4.26.0.RELEASE\plugins\org.eclipse.m2e.maven.runtime_3.9.900.20240824-1409\jars\maven-model-builder-3.9.9.jar
2025-02-12 01:57:47,204 [Worker-13: Launching Executing clean in C__Users_user_OneDrive_Documents_982_SPORTICO_project_SPORTICO-Sport-Academy-Management-backend] INFO  o.eclipse.m2e.core.internal.Bundles - 	Entry: C:\sts-4.26.0.RELEASE\plugins\org.eclipse.m2e.maven.runtime_3.9.900.20240824-1409\jars\maven-plugin-api-3.9.9.jar
2025-02-12 01:57:47,204 [Worker-13: Launching Executing clean in C__Users_user_OneDrive_Documents_982_SPORTICO_project_SPORTICO-Sport-Academy-Management-backend] INFO  o.eclipse.m2e.core.internal.Bundles - 	Entry: C:\sts-4.26.0.RELEASE\plugins\org.eclipse.m2e.maven.runtime_3.9.900.20240824-1409\jars\maven-repository-metadata-3.9.9.jar
2025-02-12 01:57:47,204 [Worker-13: Launching Executing clean in C__Users_user_OneDrive_Documents_982_SPORTICO_project_SPORTICO-Sport-Academy-Management-backend] INFO  o.eclipse.m2e.core.internal.Bundles - 	Entry: C:\sts-4.26.0.RELEASE\plugins\org.eclipse.m2e.maven.runtime_3.9.900.20240824-1409\jars\maven-resolver-api-1.9.22.jar
2025-02-12 01:57:47,204 [Worker-13: Launching Executing clean in C__Users_user_OneDrive_Documents_982_SPORTICO_project_SPORTICO-Sport-Academy-Management-backend] INFO  o.eclipse.m2e.core.internal.Bundles - 	Entry: C:\sts-4.26.0.RELEASE\plugins\org.eclipse.m2e.maven.runtime_3.9.900.20240824-1409\jars\maven-resolver-connector-basic-1.9.22.jar
2025-02-12 01:57:47,205 [Worker-13: Launching Executing clean in C__Users_user_OneDrive_Documents_982_SPORTICO_project_SPORTICO-Sport-Academy-Management-backend] INFO  o.eclipse.m2e.core.internal.Bundles - 	Entry: C:\sts-4.26.0.RELEASE\plugins\org.eclipse.m2e.maven.runtime_3.9.900.20240824-1409\jars\maven-resolver-impl-1.9.22.jar
2025-02-12 01:57:47,205 [Worker-13: Launching Executing clean in C__Users_user_OneDrive_Documents_982_SPORTICO_project_SPORTICO-Sport-Academy-Management-backend] INFO  o.eclipse.m2e.core.internal.Bundles - 	Entry: C:\sts-4.26.0.RELEASE\plugins\org.eclipse.m2e.maven.runtime_3.9.900.20240824-1409\jars\maven-resolver-named-locks-1.9.22.jar
2025-02-12 01:57:47,205 [Worker-13: Launching Executing clean in C__Users_user_OneDrive_Documents_982_SPORTICO_project_SPORTICO-Sport-Academy-Management-backend] INFO  o.eclipse.m2e.core.internal.Bundles - 	Entry: C:\sts-4.26.0.RELEASE\plugins\org.eclipse.m2e.maven.runtime_3.9.900.20240824-1409\jars\maven-resolver-provider-3.9.9.jar
2025-02-12 01:57:47,205 [Worker-13: Launching Executing clean in C__Users_user_OneDrive_Documents_982_SPORTICO_project_SPORTICO-Sport-Academy-Management-backend] INFO  o.eclipse.m2e.core.internal.Bundles - 	Entry: C:\sts-4.26.0.RELEASE\plugins\org.eclipse.m2e.maven.runtime_3.9.900.20240824-1409\jars\maven-resolver-spi-1.9.22.jar
2025-02-12 01:57:47,205 [Worker-13: Launching Executing clean in C__Users_user_OneDrive_Documents_982_SPORTICO_project_SPORTICO-Sport-Academy-Management-backend] INFO  o.eclipse.m2e.core.internal.Bundles - 	Entry: C:\sts-4.26.0.RELEASE\plugins\org.eclipse.m2e.maven.runtime_3.9.900.20240824-1409\jars\maven-resolver-transport-file-1.9.22.jar
2025-02-12 01:57:47,205 [Worker-13: Launching Executing clean in C__Users_user_OneDrive_Documents_982_SPORTICO_project_SPORTICO-Sport-Academy-Management-backend] INFO  o.eclipse.m2e.core.internal.Bundles - 	Entry: C:\sts-4.26.0.RELEASE\plugins\org.eclipse.m2e.maven.runtime_3.9.900.20240824-1409\jars\maven-resolver-transport-http-1.9.22.jar
2025-02-12 01:57:47,205 [Worker-13: Launching Executing clean in C__Users_user_OneDrive_Documents_982_SPORTICO_project_SPORTICO-Sport-Academy-Management-backend] INFO  o.eclipse.m2e.core.internal.Bundles - 	Entry: C:\sts-4.26.0.RELEASE\plugins\org.eclipse.m2e.maven.runtime_3.9.900.20240824-1409\jars\maven-resolver-transport-wagon-1.9.22.jar
2025-02-12 01:57:47,205 [Worker-13: Launching Executing clean in C__Users_user_OneDrive_Documents_982_SPORTICO_project_SPORTICO-Sport-Academy-Management-backend] INFO  o.eclipse.m2e.core.internal.Bundles - 	Entry: C:\sts-4.26.0.RELEASE\plugins\org.eclipse.m2e.maven.runtime_3.9.900.20240824-1409\jars\maven-resolver-util-1.9.22.jar
2025-02-12 01:57:47,205 [Worker-13: Launching Executing clean in C__Users_user_OneDrive_Documents_982_SPORTICO_project_SPORTICO-Sport-Academy-Management-backend] INFO  o.eclipse.m2e.core.internal.Bundles - 	Entry: C:\sts-4.26.0.RELEASE\plugins\org.eclipse.m2e.maven.runtime_3.9.900.20240824-1409\jars\maven-settings-3.9.9.jar
2025-02-12 01:57:47,205 [Worker-13: Launching Executing clean in C__Users_user_OneDrive_Documents_982_SPORTICO_project_SPORTICO-Sport-Academy-Management-backend] INFO  o.eclipse.m2e.core.internal.Bundles - 	Entry: C:\sts-4.26.0.RELEASE\plugins\org.eclipse.m2e.maven.runtime_3.9.900.20240824-1409\jars\maven-settings-builder-3.9.9.jar
2025-02-12 01:57:47,206 [Worker-13: Launching Executing clean in C__Users_user_OneDrive_Documents_982_SPORTICO_project_SPORTICO-Sport-Academy-Management-backend] INFO  o.eclipse.m2e.core.internal.Bundles - 	Entry: C:\sts-4.26.0.RELEASE\plugins\org.eclipse.m2e.maven.runtime_3.9.900.20240824-1409\jars\maven-shared-utils-3.4.2.jar
2025-02-12 01:57:47,206 [Worker-13: Launching Executing clean in C__Users_user_OneDrive_Documents_982_SPORTICO_project_SPORTICO-Sport-Academy-Management-backend] INFO  o.eclipse.m2e.core.internal.Bundles - 	Entry: C:\sts-4.26.0.RELEASE\plugins\org.eclipse.m2e.maven.runtime_3.9.900.20240824-1409\jars\org.eclipse.sisu.inject-0.9.0.M3.jar
2025-02-12 01:57:47,206 [Worker-13: Launching Executing clean in C__Users_user_OneDrive_Documents_982_SPORTICO_project_SPORTICO-Sport-Academy-Management-backend] INFO  o.eclipse.m2e.core.internal.Bundles - 	Entry: C:\sts-4.26.0.RELEASE\plugins\org.eclipse.m2e.maven.runtime_3.9.900.20240824-1409\jars\org.eclipse.sisu.plexus-0.9.0.M3.jar
2025-02-12 01:57:47,206 [Worker-13: Launching Executing clean in C__Users_user_OneDrive_Documents_982_SPORTICO_project_SPORTICO-Sport-Academy-Management-backend] INFO  o.eclipse.m2e.core.internal.Bundles - 	Entry: C:\sts-4.26.0.RELEASE\plugins\org.eclipse.m2e.maven.runtime_3.9.900.20240824-1409\jars\plexus-build-api-0.0.7.jar
2025-02-12 01:57:47,206 [Worker-13: Launching Executing clean in C__Users_user_OneDrive_Documents_982_SPORTICO_project_SPORTICO-Sport-Academy-Management-backend] INFO  o.eclipse.m2e.core.internal.Bundles - 	Entry: C:\sts-4.26.0.RELEASE\plugins\org.eclipse.m2e.maven.runtime_3.9.900.20240824-1409\jars\plexus-build-api-1.2.0.jar
2025-02-12 01:57:47,206 [Worker-13: Launching Executing clean in C__Users_user_OneDrive_Documents_982_SPORTICO_project_SPORTICO-Sport-Academy-Management-backend] INFO  o.eclipse.m2e.core.internal.Bundles - 	Entry: C:\sts-4.26.0.RELEASE\plugins\org.eclipse.m2e.maven.runtime_3.9.900.20240824-1409\jars\plexus-cipher-2.0.jar
2025-02-12 01:57:47,206 [Worker-13: Launching Executing clean in C__Users_user_OneDrive_Documents_982_SPORTICO_project_SPORTICO-Sport-Academy-Management-backend] INFO  o.eclipse.m2e.core.internal.Bundles - 	Entry: C:\sts-4.26.0.RELEASE\plugins\org.eclipse.m2e.maven.runtime_3.9.900.20240824-1409\jars\plexus-classworlds-2.8.0.jar
2025-02-12 01:57:47,206 [Worker-13: Launching Executing clean in C__Users_user_OneDrive_Documents_982_SPORTICO_project_SPORTICO-Sport-Academy-Management-backend] INFO  o.eclipse.m2e.core.internal.Bundles - 	Entry: C:\sts-4.26.0.RELEASE\plugins\org.eclipse.m2e.maven.runtime_3.9.900.20240824-1409\jars\plexus-component-annotations-2.1.0.jar
2025-02-12 01:57:47,206 [Worker-13: Launching Executing clean in C__Users_user_OneDrive_Documents_982_SPORTICO_project_SPORTICO-Sport-Academy-Management-backend] INFO  o.eclipse.m2e.core.internal.Bundles - 	Entry: C:\sts-4.26.0.RELEASE\plugins\org.eclipse.m2e.maven.runtime_3.9.900.20240824-1409\jars\plexus-interpolation-1.27.jar
2025-02-12 01:57:47,206 [Worker-13: Launching Executing clean in C__Users_user_OneDrive_Documents_982_SPORTICO_project_SPORTICO-Sport-Academy-Management-backend] INFO  o.eclipse.m2e.core.internal.Bundles - 	Entry: C:\sts-4.26.0.RELEASE\plugins\org.eclipse.m2e.maven.runtime_3.9.900.20240824-1409\jars\plexus-sec-dispatcher-2.0.jar
2025-02-12 01:57:47,207 [Worker-13: Launching Executing clean in C__Users_user_OneDrive_Documents_982_SPORTICO_project_SPORTICO-Sport-Academy-Management-backend] INFO  o.eclipse.m2e.core.internal.Bundles - 	Entry: C:\sts-4.26.0.RELEASE\plugins\org.eclipse.m2e.maven.runtime_3.9.900.20240824-1409\jars\plexus-utils-3.5.1.jar
2025-02-12 01:57:47,207 [Worker-13: Launching Executing clean in C__Users_user_OneDrive_Documents_982_SPORTICO_project_SPORTICO-Sport-Academy-Management-backend] INFO  o.eclipse.m2e.core.internal.Bundles - 	Entry: C:\sts-4.26.0.RELEASE\plugins\org.eclipse.m2e.maven.runtime_3.9.900.20240824-1409\jars\plexus-xml-3.0.1.jar
2025-02-12 01:57:47,207 [Worker-13: Launching Executing clean in C__Users_user_OneDrive_Documents_982_SPORTICO_project_SPORTICO-Sport-Academy-Management-backend] INFO  o.eclipse.m2e.core.internal.Bundles - 	Entry: C:\sts-4.26.0.RELEASE\plugins\org.eclipse.m2e.maven.runtime_3.9.900.20240824-1409\jars\wagon-file-3.5.3.jar
2025-02-12 01:57:47,207 [Worker-13: Launching Executing clean in C__Users_user_OneDrive_Documents_982_SPORTICO_project_SPORTICO-Sport-Academy-Management-backend] INFO  o.eclipse.m2e.core.internal.Bundles - 	Entry: C:\sts-4.26.0.RELEASE\plugins\org.eclipse.m2e.maven.runtime_3.9.900.20240824-1409\jars\wagon-http-3.5.3.jar
2025-02-12 01:57:47,207 [Worker-13: Launching Executing clean in C__Users_user_OneDrive_Documents_982_SPORTICO_project_SPORTICO-Sport-Academy-Management-backend] INFO  o.eclipse.m2e.core.internal.Bundles - 	Entry: C:\sts-4.26.0.RELEASE\plugins\org.eclipse.m2e.maven.runtime_3.9.900.20240824-1409\jars\wagon-http-shared-3.5.3.jar
2025-02-12 01:57:47,207 [Worker-13: Launching Executing clean in C__Users_user_OneDrive_Documents_982_SPORTICO_project_SPORTICO-Sport-Academy-Management-backend] INFO  o.eclipse.m2e.core.internal.Bundles - 	Entry: C:\sts-4.26.0.RELEASE\plugins\org.eclipse.m2e.maven.runtime_3.9.900.20240824-1409\jars\wagon-provider-api-3.5.3.jar
2025-02-12 01:57:47,209 [Worker-13: Launching Executing clean in C__Users_user_OneDrive_Documents_982_SPORTICO_project_SPORTICO-Sport-Academy-Management-backend] INFO  o.eclipse.m2e.core.internal.Bundles - getClasspathEntries(Bundle=com.google.guava_33.3.1.jre [615])
2025-02-12 01:57:47,209 [Worker-13: Launching Executing clean in C__Users_user_OneDrive_Documents_982_SPORTICO_project_SPORTICO-Sport-Academy-Management-backend] INFO  o.eclipse.m2e.core.internal.Bundles - 	Entry: C:\sts-4.26.0.RELEASE\plugins\com.google.guava_33.3.1.jre.jar
2025-02-12 01:57:47,209 [Worker-13: Launching Executing clean in C__Users_user_OneDrive_Documents_982_SPORTICO_project_SPORTICO-Sport-Academy-Management-backend] INFO  o.eclipse.m2e.core.internal.Bundles - getClasspathEntries(Bundle=slf4j.api_2.0.16 [593])
2025-02-12 01:57:47,209 [Worker-13: Launching Executing clean in C__Users_user_OneDrive_Documents_982_SPORTICO_project_SPORTICO-Sport-Academy-Management-backend] INFO  o.eclipse.m2e.core.internal.Bundles - 	Entry: C:\sts-4.26.0.RELEASE\plugins\slf4j.api_2.0.16.jar
2025-02-12 01:57:47,209 [Worker-13: Launching Executing clean in C__Users_user_OneDrive_Documents_982_SPORTICO_project_SPORTICO-Sport-Academy-Management-backend] INFO  o.eclipse.m2e.core.internal.Bundles - getClasspathEntries(Bundle=jakarta.inject.jakarta.inject-api_1.0.5 [45])
2025-02-12 01:57:47,210 [Worker-13: Launching Executing clean in C__Users_user_OneDrive_Documents_982_SPORTICO_project_SPORTICO-Sport-Academy-Management-backend] INFO  o.eclipse.m2e.core.internal.Bundles - 	Entry: C:\sts-4.26.0.RELEASE\plugins\jakarta.inject.jakarta.inject-api_1.0.5.jar
2025-02-12 01:57:47,210 [Worker-13: Launching Executing clean in C__Users_user_OneDrive_Documents_982_SPORTICO_project_SPORTICO-Sport-Academy-Management-backend] INFO  o.eclipse.m2e.core.internal.Bundles - getClasspathEntries(Bundle=jakarta.annotation-api_1.3.5 [41])
2025-02-12 01:57:47,210 [Worker-13: Launching Executing clean in C__Users_user_OneDrive_Documents_982_SPORTICO_project_SPORTICO-Sport-Academy-Management-backend] INFO  o.eclipse.m2e.core.internal.Bundles - 	Entry: C:\sts-4.26.0.RELEASE\plugins\jakarta.annotation-api_1.3.5.jar
2025-02-12 01:57:47,210 [Worker-13: Launching Executing clean in C__Users_user_OneDrive_Documents_982_SPORTICO_project_SPORTICO-Sport-Academy-Management-backend] INFO  o.eclipse.m2e.core.internal.Bundles - getClasspathEntries(Bundle=org.apache.commons.cli_1.9.0 [77])
2025-02-12 01:57:47,210 [Worker-13: Launching Executing clean in C__Users_user_OneDrive_Documents_982_SPORTICO_project_SPORTICO-Sport-Academy-Management-backend] INFO  o.eclipse.m2e.core.internal.Bundles - 	Entry: C:\sts-4.26.0.RELEASE\plugins\org.apache.commons.cli_1.9.0.jar
2025-02-12 01:57:47,210 [Worker-13: Launching Executing clean in C__Users_user_OneDrive_Documents_982_SPORTICO_project_SPORTICO-Sport-Academy-Management-backend] INFO  o.eclipse.m2e.core.internal.Bundles - getClasspathEntries(Bundle=org.apache.commons.commons-codec_1.16.0 [80])
2025-02-12 01:57:47,210 [Worker-13: Launching Executing clean in C__Users_user_OneDrive_Documents_982_SPORTICO_project_SPORTICO-Sport-Academy-Management-backend] INFO  o.eclipse.m2e.core.internal.Bundles - 	Entry: C:\sts-4.26.0.RELEASE\plugins\org.apache.commons.commons-codec_1.16.0.jar
2025-02-12 01:57:47,210 [Worker-13: Launching Executing clean in C__Users_user_OneDrive_Documents_982_SPORTICO_project_SPORTICO-Sport-Academy-Management-backend] INFO  o.eclipse.m2e.core.internal.Bundles - getClasspathEntries(Bundle=com.google.guava.failureaccess_1.0.2 [30])
2025-02-12 01:57:47,210 [Worker-13: Launching Executing clean in C__Users_user_OneDrive_Documents_982_SPORTICO_project_SPORTICO-Sport-Academy-Management-backend] INFO  o.eclipse.m2e.core.internal.Bundles - 	Entry: C:\sts-4.26.0.RELEASE\plugins\com.google.guava.failureaccess_1.0.2.jar
2025-02-12 01:57:47,225 [Worker-13: Launching Executing clean in C__Users_user_OneDrive_Documents_982_SPORTICO_project_SPORTICO-Sport-Academy-Management-backend] INFO  o.e.m.i.launch.MavenLaunchDelegate - Run build in "C:\Users\user\OneDrive\Documents\982\SPORTICO_project\SPORTICO-Sport-Academy-Management-backend":
2025-02-12 01:57:47,233 [Worker-13: Launching Executing clean in C__Users_user_OneDrive_Documents_982_SPORTICO_project_SPORTICO-Sport-Academy-Management-backend] INFO  o.e.m.i.launch.MavenLaunchDelegate -  mvn  -B -Dstyle.color=always clean
2025-02-12 01:57:50,915 [Worker-15: Building] INFO  o.a.m.s.f.DefaultMavenResourcesFiltering - Copying 1 resource from src\main\resources to target\classes
2025-02-12 01:57:50,918 [Worker-15: Building] INFO  o.a.m.s.f.DefaultMavenResourcesFiltering - Copying 1 resource from src\main\resources to target\classes
2025-02-12 01:57:50,926 [Worker-15: Building] INFO  o.a.m.s.f.DefaultMavenResourcesFiltering - skip non existing resourceDirectory C:\Users\user\OneDrive\Documents\982\SPORTICO_project\SPORTICO-Sport-Academy-Management-backend\src\test\resources
2025-02-12 01:58:09,177 [Worker-5: Launching Executing install in C__Users_user_OneDrive_Documents_982_SPORTICO_project_SPORTICO-Sport-Academy-Management-backend] INFO  o.eclipse.m2e.core.internal.Bundles - getClasspathEntries(Bundle=org.eclipse.m2e.maven.runtime_3.9.900.20240824-1409 [360])
2025-02-12 01:58:09,179 [Worker-5: Launching Executing install in C__Users_user_OneDrive_Documents_982_SPORTICO_project_SPORTICO-Sport-Academy-Management-backend] INFO  o.eclipse.m2e.core.internal.Bundles - 	Entry: C:\sts-4.26.0.RELEASE\plugins\org.eclipse.m2e.maven.runtime_3.9.900.20240824-1409
2025-02-12 01:58:09,179 [Worker-5: Launching Executing install in C__Users_user_OneDrive_Documents_982_SPORTICO_project_SPORTICO-Sport-Academy-Management-backend] INFO  o.eclipse.m2e.core.internal.Bundles - 	Entry: C:\sts-4.26.0.RELEASE\plugins\org.eclipse.m2e.maven.runtime_3.9.900.20240824-1409\jars\aopalliance-1.0.jar
2025-02-12 01:58:09,180 [Worker-5: Launching Executing install in C__Users_user_OneDrive_Documents_982_SPORTICO_project_SPORTICO-Sport-Academy-Management-backend] INFO  o.eclipse.m2e.core.internal.Bundles - 	Entry: C:\sts-4.26.0.RELEASE\plugins\org.eclipse.m2e.maven.runtime_3.9.900.20240824-1409\jars\guice-5.1.0.jar
2025-02-12 01:58:09,181 [Worker-5: Launching Executing install in C__Users_user_OneDrive_Documents_982_SPORTICO_project_SPORTICO-Sport-Academy-Management-backend] INFO  o.eclipse.m2e.core.internal.Bundles - 	Entry: C:\sts-4.26.0.RELEASE\plugins\org.eclipse.m2e.maven.runtime_3.9.900.20240824-1409\jars\httpclient-4.5.14.jar
2025-02-12 01:58:09,182 [Worker-5: Launching Executing install in C__Users_user_OneDrive_Documents_982_SPORTICO_project_SPORTICO-Sport-Academy-Management-backend] INFO  o.eclipse.m2e.core.internal.Bundles - 	Entry: C:\sts-4.26.0.RELEASE\plugins\org.eclipse.m2e.maven.runtime_3.9.900.20240824-1409\jars\httpcore-4.4.16.jar
2025-02-12 01:58:09,182 [Worker-5: Launching Executing install in C__Users_user_OneDrive_Documents_982_SPORTICO_project_SPORTICO-Sport-Academy-Management-backend] INFO  o.eclipse.m2e.core.internal.Bundles - 	Entry: C:\sts-4.26.0.RELEASE\plugins\org.eclipse.m2e.maven.runtime_3.9.900.20240824-1409\jars\jansi-2.4.1.jar
2025-02-12 01:58:09,182 [Worker-5: Launching Executing install in C__Users_user_OneDrive_Documents_982_SPORTICO_project_SPORTICO-Sport-Academy-Management-backend] INFO  o.eclipse.m2e.core.internal.Bundles - 	Entry: C:\sts-4.26.0.RELEASE\plugins\org.eclipse.m2e.maven.runtime_3.9.900.20240824-1409\jars\jcl-over-slf4j-1.7.36.jar
2025-02-12 01:58:09,182 [Worker-5: Launching Executing install in C__Users_user_OneDrive_Documents_982_SPORTICO_project_SPORTICO-Sport-Academy-Management-backend] INFO  o.eclipse.m2e.core.internal.Bundles - 	Entry: C:\sts-4.26.0.RELEASE\plugins\org.eclipse.m2e.maven.runtime_3.9.900.20240824-1409\jars\maven-artifact-3.9.9.jar
2025-02-12 01:58:09,182 [Worker-5: Launching Executing install in C__Users_user_OneDrive_Documents_982_SPORTICO_project_SPORTICO-Sport-Academy-Management-backend] INFO  o.eclipse.m2e.core.internal.Bundles - 	Entry: C:\sts-4.26.0.RELEASE\plugins\org.eclipse.m2e.maven.runtime_3.9.900.20240824-1409\jars\maven-builder-support-3.9.9.jar
2025-02-12 01:58:09,182 [Worker-5: Launching Executing install in C__Users_user_OneDrive_Documents_982_SPORTICO_project_SPORTICO-Sport-Academy-Management-backend] INFO  o.eclipse.m2e.core.internal.Bundles - 	Entry: C:\sts-4.26.0.RELEASE\plugins\org.eclipse.m2e.maven.runtime_3.9.900.20240824-1409\jars\maven-compat-3.9.9.jar
2025-02-12 01:58:09,182 [Worker-5: Launching Executing install in C__Users_user_OneDrive_Documents_982_SPORTICO_project_SPORTICO-Sport-Academy-Management-backend] INFO  o.eclipse.m2e.core.internal.Bundles - 	Entry: C:\sts-4.26.0.RELEASE\plugins\org.eclipse.m2e.maven.runtime_3.9.900.20240824-1409\jars\maven-core-3.9.9.jar
2025-02-12 01:58:09,183 [Worker-5: Launching Executing install in C__Users_user_OneDrive_Documents_982_SPORTICO_project_SPORTICO-Sport-Academy-Management-backend] INFO  o.eclipse.m2e.core.internal.Bundles - 	Entry: C:\sts-4.26.0.RELEASE\plugins\org.eclipse.m2e.maven.runtime_3.9.900.20240824-1409\jars\maven-embedder-3.9.9.jar
2025-02-12 01:58:09,183 [Worker-5: Launching Executing install in C__Users_user_OneDrive_Documents_982_SPORTICO_project_SPORTICO-Sport-Academy-Management-backend] INFO  o.eclipse.m2e.core.internal.Bundles - 	Entry: C:\sts-4.26.0.RELEASE\plugins\org.eclipse.m2e.maven.runtime_3.9.900.20240824-1409\jars\maven-model-3.9.9.jar
2025-02-12 01:58:09,183 [Worker-5: Launching Executing install in C__Users_user_OneDrive_Documents_982_SPORTICO_project_SPORTICO-Sport-Academy-Management-backend] INFO  o.eclipse.m2e.core.internal.Bundles - 	Entry: C:\sts-4.26.0.RELEASE\plugins\org.eclipse.m2e.maven.runtime_3.9.900.20240824-1409\jars\maven-model-builder-3.9.9.jar
2025-02-12 01:58:09,183 [Worker-5: Launching Executing install in C__Users_user_OneDrive_Documents_982_SPORTICO_project_SPORTICO-Sport-Academy-Management-backend] INFO  o.eclipse.m2e.core.internal.Bundles - 	Entry: C:\sts-4.26.0.RELEASE\plugins\org.eclipse.m2e.maven.runtime_3.9.900.20240824-1409\jars\maven-plugin-api-3.9.9.jar
2025-02-12 01:58:09,183 [Worker-5: Launching Executing install in C__Users_user_OneDrive_Documents_982_SPORTICO_project_SPORTICO-Sport-Academy-Management-backend] INFO  o.eclipse.m2e.core.internal.Bundles - 	Entry: C:\sts-4.26.0.RELEASE\plugins\org.eclipse.m2e.maven.runtime_3.9.900.20240824-1409\jars\maven-repository-metadata-3.9.9.jar
2025-02-12 01:58:09,183 [Worker-5: Launching Executing install in C__Users_user_OneDrive_Documents_982_SPORTICO_project_SPORTICO-Sport-Academy-Management-backend] INFO  o.eclipse.m2e.core.internal.Bundles - 	Entry: C:\sts-4.26.0.RELEASE\plugins\org.eclipse.m2e.maven.runtime_3.9.900.20240824-1409\jars\maven-resolver-api-1.9.22.jar
2025-02-12 01:58:09,183 [Worker-5: Launching Executing install in C__Users_user_OneDrive_Documents_982_SPORTICO_project_SPORTICO-Sport-Academy-Management-backend] INFO  o.eclipse.m2e.core.internal.Bundles - 	Entry: C:\sts-4.26.0.RELEASE\plugins\org.eclipse.m2e.maven.runtime_3.9.900.20240824-1409\jars\maven-resolver-connector-basic-1.9.22.jar
2025-02-12 01:58:09,183 [Worker-5: Launching Executing install in C__Users_user_OneDrive_Documents_982_SPORTICO_project_SPORTICO-Sport-Academy-Management-backend] INFO  o.eclipse.m2e.core.internal.Bundles - 	Entry: C:\sts-4.26.0.RELEASE\plugins\org.eclipse.m2e.maven.runtime_3.9.900.20240824-1409\jars\maven-resolver-impl-1.9.22.jar
2025-02-12 01:58:09,183 [Worker-5: Launching Executing install in C__Users_user_OneDrive_Documents_982_SPORTICO_project_SPORTICO-Sport-Academy-Management-backend] INFO  o.eclipse.m2e.core.internal.Bundles - 	Entry: C:\sts-4.26.0.RELEASE\plugins\org.eclipse.m2e.maven.runtime_3.9.900.20240824-1409\jars\maven-resolver-named-locks-1.9.22.jar
2025-02-12 01:58:09,184 [Worker-5: Launching Executing install in C__Users_user_OneDrive_Documents_982_SPORTICO_project_SPORTICO-Sport-Academy-Management-backend] INFO  o.eclipse.m2e.core.internal.Bundles - 	Entry: C:\sts-4.26.0.RELEASE\plugins\org.eclipse.m2e.maven.runtime_3.9.900.20240824-1409\jars\maven-resolver-provider-3.9.9.jar
2025-02-12 01:58:09,184 [Worker-5: Launching Executing install in C__Users_user_OneDrive_Documents_982_SPORTICO_project_SPORTICO-Sport-Academy-Management-backend] INFO  o.eclipse.m2e.core.internal.Bundles - 	Entry: C:\sts-4.26.0.RELEASE\plugins\org.eclipse.m2e.maven.runtime_3.9.900.20240824-1409\jars\maven-resolver-spi-1.9.22.jar
2025-02-12 01:58:09,184 [Worker-5: Launching Executing install in C__Users_user_OneDrive_Documents_982_SPORTICO_project_SPORTICO-Sport-Academy-Management-backend] INFO  o.eclipse.m2e.core.internal.Bundles - 	Entry: C:\sts-4.26.0.RELEASE\plugins\org.eclipse.m2e.maven.runtime_3.9.900.20240824-1409\jars\maven-resolver-transport-file-1.9.22.jar
2025-02-12 01:58:09,184 [Worker-5: Launching Executing install in C__Users_user_OneDrive_Documents_982_SPORTICO_project_SPORTICO-Sport-Academy-Management-backend] INFO  o.eclipse.m2e.core.internal.Bundles - 	Entry: C:\sts-4.26.0.RELEASE\plugins\org.eclipse.m2e.maven.runtime_3.9.900.20240824-1409\jars\maven-resolver-transport-http-1.9.22.jar
2025-02-12 01:58:09,184 [Worker-5: Launching Executing install in C__Users_user_OneDrive_Documents_982_SPORTICO_project_SPORTICO-Sport-Academy-Management-backend] INFO  o.eclipse.m2e.core.internal.Bundles - 	Entry: C:\sts-4.26.0.RELEASE\plugins\org.eclipse.m2e.maven.runtime_3.9.900.20240824-1409\jars\maven-resolver-transport-wagon-1.9.22.jar
2025-02-12 01:58:09,184 [Worker-5: Launching Executing install in C__Users_user_OneDrive_Documents_982_SPORTICO_project_SPORTICO-Sport-Academy-Management-backend] INFO  o.eclipse.m2e.core.internal.Bundles - 	Entry: C:\sts-4.26.0.RELEASE\plugins\org.eclipse.m2e.maven.runtime_3.9.900.20240824-1409\jars\maven-resolver-util-1.9.22.jar
2025-02-12 01:58:09,184 [Worker-5: Launching Executing install in C__Users_user_OneDrive_Documents_982_SPORTICO_project_SPORTICO-Sport-Academy-Management-backend] INFO  o.eclipse.m2e.core.internal.Bundles - 	Entry: C:\sts-4.26.0.RELEASE\plugins\org.eclipse.m2e.maven.runtime_3.9.900.20240824-1409\jars\maven-settings-3.9.9.jar
2025-02-12 01:58:09,184 [Worker-5: Launching Executing install in C__Users_user_OneDrive_Documents_982_SPORTICO_project_SPORTICO-Sport-Academy-Management-backend] INFO  o.eclipse.m2e.core.internal.Bundles - 	Entry: C:\sts-4.26.0.RELEASE\plugins\org.eclipse.m2e.maven.runtime_3.9.900.20240824-1409\jars\maven-settings-builder-3.9.9.jar
2025-02-12 01:58:09,184 [Worker-5: Launching Executing install in C__Users_user_OneDrive_Documents_982_SPORTICO_project_SPORTICO-Sport-Academy-Management-backend] INFO  o.eclipse.m2e.core.internal.Bundles - 	Entry: C:\sts-4.26.0.RELEASE\plugins\org.eclipse.m2e.maven.runtime_3.9.900.20240824-1409\jars\maven-shared-utils-3.4.2.jar
2025-02-12 01:58:09,184 [Worker-5: Launching Executing install in C__Users_user_OneDrive_Documents_982_SPORTICO_project_SPORTICO-Sport-Academy-Management-backend] INFO  o.eclipse.m2e.core.internal.Bundles - 	Entry: C:\sts-4.26.0.RELEASE\plugins\org.eclipse.m2e.maven.runtime_3.9.900.20240824-1409\jars\org.eclipse.sisu.inject-0.9.0.M3.jar
2025-02-12 01:58:09,184 [Worker-5: Launching Executing install in C__Users_user_OneDrive_Documents_982_SPORTICO_project_SPORTICO-Sport-Academy-Management-backend] INFO  o.eclipse.m2e.core.internal.Bundles - 	Entry: C:\sts-4.26.0.RELEASE\plugins\org.eclipse.m2e.maven.runtime_3.9.900.20240824-1409\jars\org.eclipse.sisu.plexus-0.9.0.M3.jar
2025-02-12 01:58:09,185 [Worker-5: Launching Executing install in C__Users_user_OneDrive_Documents_982_SPORTICO_project_SPORTICO-Sport-Academy-Management-backend] INFO  o.eclipse.m2e.core.internal.Bundles - 	Entry: C:\sts-4.26.0.RELEASE\plugins\org.eclipse.m2e.maven.runtime_3.9.900.20240824-1409\jars\plexus-build-api-0.0.7.jar
2025-02-12 01:58:09,185 [Worker-5: Launching Executing install in C__Users_user_OneDrive_Documents_982_SPORTICO_project_SPORTICO-Sport-Academy-Management-backend] INFO  o.eclipse.m2e.core.internal.Bundles - 	Entry: C:\sts-4.26.0.RELEASE\plugins\org.eclipse.m2e.maven.runtime_3.9.900.20240824-1409\jars\plexus-build-api-1.2.0.jar
2025-02-12 01:58:09,185 [Worker-5: Launching Executing install in C__Users_user_OneDrive_Documents_982_SPORTICO_project_SPORTICO-Sport-Academy-Management-backend] INFO  o.eclipse.m2e.core.internal.Bundles - 	Entry: C:\sts-4.26.0.RELEASE\plugins\org.eclipse.m2e.maven.runtime_3.9.900.20240824-1409\jars\plexus-cipher-2.0.jar
2025-02-12 01:58:09,185 [Worker-5: Launching Executing install in C__Users_user_OneDrive_Documents_982_SPORTICO_project_SPORTICO-Sport-Academy-Management-backend] INFO  o.eclipse.m2e.core.internal.Bundles - 	Entry: C:\sts-4.26.0.RELEASE\plugins\org.eclipse.m2e.maven.runtime_3.9.900.20240824-1409\jars\plexus-classworlds-2.8.0.jar
2025-02-12 01:58:09,185 [Worker-5: Launching Executing install in C__Users_user_OneDrive_Documents_982_SPORTICO_project_SPORTICO-Sport-Academy-Management-backend] INFO  o.eclipse.m2e.core.internal.Bundles - 	Entry: C:\sts-4.26.0.RELEASE\plugins\org.eclipse.m2e.maven.runtime_3.9.900.20240824-1409\jars\plexus-component-annotations-2.1.0.jar
2025-02-12 01:58:09,185 [Worker-5: Launching Executing install in C__Users_user_OneDrive_Documents_982_SPORTICO_project_SPORTICO-Sport-Academy-Management-backend] INFO  o.eclipse.m2e.core.internal.Bundles - 	Entry: C:\sts-4.26.0.RELEASE\plugins\org.eclipse.m2e.maven.runtime_3.9.900.20240824-1409\jars\plexus-interpolation-1.27.jar
2025-02-12 01:58:09,185 [Worker-5: Launching Executing install in C__Users_user_OneDrive_Documents_982_SPORTICO_project_SPORTICO-Sport-Academy-Management-backend] INFO  o.eclipse.m2e.core.internal.Bundles - 	Entry: C:\sts-4.26.0.RELEASE\plugins\org.eclipse.m2e.maven.runtime_3.9.900.20240824-1409\jars\plexus-sec-dispatcher-2.0.jar
2025-02-12 01:58:09,185 [Worker-5: Launching Executing install in C__Users_user_OneDrive_Documents_982_SPORTICO_project_SPORTICO-Sport-Academy-Management-backend] INFO  o.eclipse.m2e.core.internal.Bundles - 	Entry: C:\sts-4.26.0.RELEASE\plugins\org.eclipse.m2e.maven.runtime_3.9.900.20240824-1409\jars\plexus-utils-3.5.1.jar
2025-02-12 01:58:09,185 [Worker-5: Launching Executing install in C__Users_user_OneDrive_Documents_982_SPORTICO_project_SPORTICO-Sport-Academy-Management-backend] INFO  o.eclipse.m2e.core.internal.Bundles - 	Entry: C:\sts-4.26.0.RELEASE\plugins\org.eclipse.m2e.maven.runtime_3.9.900.20240824-1409\jars\plexus-xml-3.0.1.jar
2025-02-12 01:58:09,185 [Worker-5: Launching Executing install in C__Users_user_OneDrive_Documents_982_SPORTICO_project_SPORTICO-Sport-Academy-Management-backend] INFO  o.eclipse.m2e.core.internal.Bundles - 	Entry: C:\sts-4.26.0.RELEASE\plugins\org.eclipse.m2e.maven.runtime_3.9.900.20240824-1409\jars\wagon-file-3.5.3.jar
2025-02-12 01:58:09,185 [Worker-5: Launching Executing install in C__Users_user_OneDrive_Documents_982_SPORTICO_project_SPORTICO-Sport-Academy-Management-backend] INFO  o.eclipse.m2e.core.internal.Bundles - 	Entry: C:\sts-4.26.0.RELEASE\plugins\org.eclipse.m2e.maven.runtime_3.9.900.20240824-1409\jars\wagon-http-3.5.3.jar
2025-02-12 01:58:09,186 [Worker-5: Launching Executing install in C__Users_user_OneDrive_Documents_982_SPORTICO_project_SPORTICO-Sport-Academy-Management-backend] INFO  o.eclipse.m2e.core.internal.Bundles - 	Entry: C:\sts-4.26.0.RELEASE\plugins\org.eclipse.m2e.maven.runtime_3.9.900.20240824-1409\jars\wagon-http-shared-3.5.3.jar
2025-02-12 01:58:09,186 [Worker-5: Launching Executing install in C__Users_user_OneDrive_Documents_982_SPORTICO_project_SPORTICO-Sport-Academy-Management-backend] INFO  o.eclipse.m2e.core.internal.Bundles - 	Entry: C:\sts-4.26.0.RELEASE\plugins\org.eclipse.m2e.maven.runtime_3.9.900.20240824-1409\jars\wagon-provider-api-3.5.3.jar
2025-02-12 01:58:09,186 [Worker-5: Launching Executing install in C__Users_user_OneDrive_Documents_982_SPORTICO_project_SPORTICO-Sport-Academy-Management-backend] INFO  o.eclipse.m2e.core.internal.Bundles - getClasspathEntries(Bundle=com.google.guava_33.3.1.jre [615])
2025-02-12 01:58:09,186 [Worker-5: Launching Executing install in C__Users_user_OneDrive_Documents_982_SPORTICO_project_SPORTICO-Sport-Academy-Management-backend] INFO  o.eclipse.m2e.core.internal.Bundles - 	Entry: C:\sts-4.26.0.RELEASE\plugins\com.google.guava_33.3.1.jre.jar
2025-02-12 01:58:09,186 [Worker-5: Launching Executing install in C__Users_user_OneDrive_Documents_982_SPORTICO_project_SPORTICO-Sport-Academy-Management-backend] INFO  o.eclipse.m2e.core.internal.Bundles - getClasspathEntries(Bundle=slf4j.api_2.0.16 [593])
2025-02-12 01:58:09,187 [Worker-5: Launching Executing install in C__Users_user_OneDrive_Documents_982_SPORTICO_project_SPORTICO-Sport-Academy-Management-backend] INFO  o.eclipse.m2e.core.internal.Bundles - 	Entry: C:\sts-4.26.0.RELEASE\plugins\slf4j.api_2.0.16.jar
2025-02-12 01:58:09,187 [Worker-5: Launching Executing install in C__Users_user_OneDrive_Documents_982_SPORTICO_project_SPORTICO-Sport-Academy-Management-backend] INFO  o.eclipse.m2e.core.internal.Bundles - getClasspathEntries(Bundle=jakarta.inject.jakarta.inject-api_1.0.5 [45])
2025-02-12 01:58:09,187 [Worker-5: Launching Executing install in C__Users_user_OneDrive_Documents_982_SPORTICO_project_SPORTICO-Sport-Academy-Management-backend] INFO  o.eclipse.m2e.core.internal.Bundles - 	Entry: C:\sts-4.26.0.RELEASE\plugins\jakarta.inject.jakarta.inject-api_1.0.5.jar
2025-02-12 01:58:09,187 [Worker-5: Launching Executing install in C__Users_user_OneDrive_Documents_982_SPORTICO_project_SPORTICO-Sport-Academy-Management-backend] INFO  o.eclipse.m2e.core.internal.Bundles - getClasspathEntries(Bundle=jakarta.annotation-api_1.3.5 [41])
2025-02-12 01:58:09,187 [Worker-5: Launching Executing install in C__Users_user_OneDrive_Documents_982_SPORTICO_project_SPORTICO-Sport-Academy-Management-backend] INFO  o.eclipse.m2e.core.internal.Bundles - 	Entry: C:\sts-4.26.0.RELEASE\plugins\jakarta.annotation-api_1.3.5.jar
2025-02-12 01:58:09,187 [Worker-5: Launching Executing install in C__Users_user_OneDrive_Documents_982_SPORTICO_project_SPORTICO-Sport-Academy-Management-backend] INFO  o.eclipse.m2e.core.internal.Bundles - getClasspathEntries(Bundle=org.apache.commons.cli_1.9.0 [77])
2025-02-12 01:58:09,187 [Worker-5: Launching Executing install in C__Users_user_OneDrive_Documents_982_SPORTICO_project_SPORTICO-Sport-Academy-Management-backend] INFO  o.eclipse.m2e.core.internal.Bundles - 	Entry: C:\sts-4.26.0.RELEASE\plugins\org.apache.commons.cli_1.9.0.jar
2025-02-12 01:58:09,187 [Worker-5: Launching Executing install in C__Users_user_OneDrive_Documents_982_SPORTICO_project_SPORTICO-Sport-Academy-Management-backend] INFO  o.eclipse.m2e.core.internal.Bundles - getClasspathEntries(Bundle=org.apache.commons.commons-codec_1.16.0 [80])
2025-02-12 01:58:09,187 [Worker-5: Launching Executing install in C__Users_user_OneDrive_Documents_982_SPORTICO_project_SPORTICO-Sport-Academy-Management-backend] INFO  o.eclipse.m2e.core.internal.Bundles - 	Entry: C:\sts-4.26.0.RELEASE\plugins\org.apache.commons.commons-codec_1.16.0.jar
2025-02-12 01:58:09,187 [Worker-5: Launching Executing install in C__Users_user_OneDrive_Documents_982_SPORTICO_project_SPORTICO-Sport-Academy-Management-backend] INFO  o.eclipse.m2e.core.internal.Bundles - getClasspathEntries(Bundle=com.google.guava.failureaccess_1.0.2 [30])
2025-02-12 01:58:09,188 [Worker-5: Launching Executing install in C__Users_user_OneDrive_Documents_982_SPORTICO_project_SPORTICO-Sport-Academy-Management-backend] INFO  o.eclipse.m2e.core.internal.Bundles - 	Entry: C:\sts-4.26.0.RELEASE\plugins\com.google.guava.failureaccess_1.0.2.jar
2025-02-12 01:58:09,189 [Worker-5: Launching Executing install in C__Users_user_OneDrive_Documents_982_SPORTICO_project_SPORTICO-Sport-Academy-Management-backend] INFO  o.e.m.i.launch.MavenLaunchDelegate - Run build in "C:\Users\user\OneDrive\Documents\982\SPORTICO_project\SPORTICO-Sport-Academy-Management-backend":
2025-02-12 01:58:09,189 [Worker-5: Launching Executing install in C__Users_user_OneDrive_Documents_982_SPORTICO_project_SPORTICO-Sport-Academy-Management-backend] INFO  o.e.m.i.launch.MavenLaunchDelegate -  mvn  -B -Dstyle.color=always install
2025-02-12 01:59:13,336 [Worker-14: Building] INFO  o.a.m.s.f.DefaultMavenResourcesFiltering - Copying 1 resource from src\main\resources to target\classes
2025-02-12 01:59:13,350 [Worker-14: Building] INFO  o.a.m.s.f.DefaultMavenResourcesFiltering - Copying 0 resource from src\main\resources to target\classes
2025-02-12 01:59:13,357 [Worker-14: Building] INFO  o.a.m.s.f.DefaultMavenResourcesFiltering - skip non existing resourceDirectory C:\Users\user\OneDrive\Documents\982\SPORTICO_project\SPORTICO-Sport-Academy-Management-backend\src\test\resources
2025-02-12 01:59:19,694 [Worker-1: Launching Executing clean in C__Users_user_OneDrive_Documents_982_SPORTICO_project_SPORTICO-Sport-Academy-Management-backend] INFO  o.eclipse.m2e.core.internal.Bundles - getClasspathEntries(Bundle=org.eclipse.m2e.maven.runtime_3.9.900.20240824-1409 [360])
2025-02-12 01:59:19,695 [Worker-1: Launching Executing clean in C__Users_user_OneDrive_Documents_982_SPORTICO_project_SPORTICO-Sport-Academy-Management-backend] INFO  o.eclipse.m2e.core.internal.Bundles - 	Entry: C:\sts-4.26.0.RELEASE\plugins\org.eclipse.m2e.maven.runtime_3.9.900.20240824-1409
2025-02-12 01:59:19,695 [Worker-1: Launching Executing clean in C__Users_user_OneDrive_Documents_982_SPORTICO_project_SPORTICO-Sport-Academy-Management-backend] INFO  o.eclipse.m2e.core.internal.Bundles - 	Entry: C:\sts-4.26.0.RELEASE\plugins\org.eclipse.m2e.maven.runtime_3.9.900.20240824-1409\jars\aopalliance-1.0.jar
2025-02-12 01:59:19,695 [Worker-1: Launching Executing clean in C__Users_user_OneDrive_Documents_982_SPORTICO_project_SPORTICO-Sport-Academy-Management-backend] INFO  o.eclipse.m2e.core.internal.Bundles - 	Entry: C:\sts-4.26.0.RELEASE\plugins\org.eclipse.m2e.maven.runtime_3.9.900.20240824-1409\jars\guice-5.1.0.jar
2025-02-12 01:59:19,695 [Worker-1: Launching Executing clean in C__Users_user_OneDrive_Documents_982_SPORTICO_project_SPORTICO-Sport-Academy-Management-backend] INFO  o.eclipse.m2e.core.internal.Bundles - 	Entry: C:\sts-4.26.0.RELEASE\plugins\org.eclipse.m2e.maven.runtime_3.9.900.20240824-1409\jars\httpclient-4.5.14.jar
2025-02-12 01:59:19,696 [Worker-1: Launching Executing clean in C__Users_user_OneDrive_Documents_982_SPORTICO_project_SPORTICO-Sport-Academy-Management-backend] INFO  o.eclipse.m2e.core.internal.Bundles - 	Entry: C:\sts-4.26.0.RELEASE\plugins\org.eclipse.m2e.maven.runtime_3.9.900.20240824-1409\jars\httpcore-4.4.16.jar
2025-02-12 01:59:19,696 [Worker-1: Launching Executing clean in C__Users_user_OneDrive_Documents_982_SPORTICO_project_SPORTICO-Sport-Academy-Management-backend] INFO  o.eclipse.m2e.core.internal.Bundles - 	Entry: C:\sts-4.26.0.RELEASE\plugins\org.eclipse.m2e.maven.runtime_3.9.900.20240824-1409\jars\jansi-2.4.1.jar
2025-02-12 01:59:19,696 [Worker-1: Launching Executing clean in C__Users_user_OneDrive_Documents_982_SPORTICO_project_SPORTICO-Sport-Academy-Management-backend] INFO  o.eclipse.m2e.core.internal.Bundles - 	Entry: C:\sts-4.26.0.RELEASE\plugins\org.eclipse.m2e.maven.runtime_3.9.900.20240824-1409\jars\jcl-over-slf4j-1.7.36.jar
2025-02-12 01:59:19,696 [Worker-1: Launching Executing clean in C__Users_user_OneDrive_Documents_982_SPORTICO_project_SPORTICO-Sport-Academy-Management-backend] INFO  o.eclipse.m2e.core.internal.Bundles - 	Entry: C:\sts-4.26.0.RELEASE\plugins\org.eclipse.m2e.maven.runtime_3.9.900.20240824-1409\jars\maven-artifact-3.9.9.jar
2025-02-12 01:59:19,696 [Worker-1: Launching Executing clean in C__Users_user_OneDrive_Documents_982_SPORTICO_project_SPORTICO-Sport-Academy-Management-backend] INFO  o.eclipse.m2e.core.internal.Bundles - 	Entry: C:\sts-4.26.0.RELEASE\plugins\org.eclipse.m2e.maven.runtime_3.9.900.20240824-1409\jars\maven-builder-support-3.9.9.jar
2025-02-12 01:59:19,696 [Worker-1: Launching Executing clean in C__Users_user_OneDrive_Documents_982_SPORTICO_project_SPORTICO-Sport-Academy-Management-backend] INFO  o.eclipse.m2e.core.internal.Bundles - 	Entry: C:\sts-4.26.0.RELEASE\plugins\org.eclipse.m2e.maven.runtime_3.9.900.20240824-1409\jars\maven-compat-3.9.9.jar
2025-02-12 01:59:19,696 [Worker-1: Launching Executing clean in C__Users_user_OneDrive_Documents_982_SPORTICO_project_SPORTICO-Sport-Academy-Management-backend] INFO  o.eclipse.m2e.core.internal.Bundles - 	Entry: C:\sts-4.26.0.RELEASE\plugins\org.eclipse.m2e.maven.runtime_3.9.900.20240824-1409\jars\maven-core-3.9.9.jar
2025-02-12 01:59:19,696 [Worker-1: Launching Executing clean in C__Users_user_OneDrive_Documents_982_SPORTICO_project_SPORTICO-Sport-Academy-Management-backend] INFO  o.eclipse.m2e.core.internal.Bundles - 	Entry: C:\sts-4.26.0.RELEASE\plugins\org.eclipse.m2e.maven.runtime_3.9.900.20240824-1409\jars\maven-embedder-3.9.9.jar
2025-02-12 01:59:19,696 [Worker-1: Launching Executing clean in C__Users_user_OneDrive_Documents_982_SPORTICO_project_SPORTICO-Sport-Academy-Management-backend] INFO  o.eclipse.m2e.core.internal.Bundles - 	Entry: C:\sts-4.26.0.RELEASE\plugins\org.eclipse.m2e.maven.runtime_3.9.900.20240824-1409\jars\maven-model-3.9.9.jar
2025-02-12 01:59:19,697 [Worker-1: Launching Executing clean in C__Users_user_OneDrive_Documents_982_SPORTICO_project_SPORTICO-Sport-Academy-Management-backend] INFO  o.eclipse.m2e.core.internal.Bundles - 	Entry: C:\sts-4.26.0.RELEASE\plugins\org.eclipse.m2e.maven.runtime_3.9.900.20240824-1409\jars\maven-model-builder-3.9.9.jar
2025-02-12 01:59:19,697 [Worker-1: Launching Executing clean in C__Users_user_OneDrive_Documents_982_SPORTICO_project_SPORTICO-Sport-Academy-Management-backend] INFO  o.eclipse.m2e.core.internal.Bundles - 	Entry: C:\sts-4.26.0.RELEASE\plugins\org.eclipse.m2e.maven.runtime_3.9.900.20240824-1409\jars\maven-plugin-api-3.9.9.jar
2025-02-12 01:59:19,697 [Worker-1: Launching Executing clean in C__Users_user_OneDrive_Documents_982_SPORTICO_project_SPORTICO-Sport-Academy-Management-backend] INFO  o.eclipse.m2e.core.internal.Bundles - 	Entry: C:\sts-4.26.0.RELEASE\plugins\org.eclipse.m2e.maven.runtime_3.9.900.20240824-1409\jars\maven-repository-metadata-3.9.9.jar
2025-02-12 01:59:19,697 [Worker-1: Launching Executing clean in C__Users_user_OneDrive_Documents_982_SPORTICO_project_SPORTICO-Sport-Academy-Management-backend] INFO  o.eclipse.m2e.core.internal.Bundles - 	Entry: C:\sts-4.26.0.RELEASE\plugins\org.eclipse.m2e.maven.runtime_3.9.900.20240824-1409\jars\maven-resolver-api-1.9.22.jar
2025-02-12 01:59:19,697 [Worker-1: Launching Executing clean in C__Users_user_OneDrive_Documents_982_SPORTICO_project_SPORTICO-Sport-Academy-Management-backend] INFO  o.eclipse.m2e.core.internal.Bundles - 	Entry: C:\sts-4.26.0.RELEASE\plugins\org.eclipse.m2e.maven.runtime_3.9.900.20240824-1409\jars\maven-resolver-connector-basic-1.9.22.jar
2025-02-12 01:59:19,697 [Worker-1: Launching Executing clean in C__Users_user_OneDrive_Documents_982_SPORTICO_project_SPORTICO-Sport-Academy-Management-backend] INFO  o.eclipse.m2e.core.internal.Bundles - 	Entry: C:\sts-4.26.0.RELEASE\plugins\org.eclipse.m2e.maven.runtime_3.9.900.20240824-1409\jars\maven-resolver-impl-1.9.22.jar
2025-02-12 01:59:19,697 [Worker-1: Launching Executing clean in C__Users_user_OneDrive_Documents_982_SPORTICO_project_SPORTICO-Sport-Academy-Management-backend] INFO  o.eclipse.m2e.core.internal.Bundles - 	Entry: C:\sts-4.26.0.RELEASE\plugins\org.eclipse.m2e.maven.runtime_3.9.900.20240824-1409\jars\maven-resolver-named-locks-1.9.22.jar
2025-02-12 01:59:19,698 [Worker-1: Launching Executing clean in C__Users_user_OneDrive_Documents_982_SPORTICO_project_SPORTICO-Sport-Academy-Management-backend] INFO  o.eclipse.m2e.core.internal.Bundles - 	Entry: C:\sts-4.26.0.RELEASE\plugins\org.eclipse.m2e.maven.runtime_3.9.900.20240824-1409\jars\maven-resolver-provider-3.9.9.jar
2025-02-12 01:59:19,698 [Worker-1: Launching Executing clean in C__Users_user_OneDrive_Documents_982_SPORTICO_project_SPORTICO-Sport-Academy-Management-backend] INFO  o.eclipse.m2e.core.internal.Bundles - 	Entry: C:\sts-4.26.0.RELEASE\plugins\org.eclipse.m2e.maven.runtime_3.9.900.20240824-1409\jars\maven-resolver-spi-1.9.22.jar
2025-02-12 01:59:19,698 [Worker-1: Launching Executing clean in C__Users_user_OneDrive_Documents_982_SPORTICO_project_SPORTICO-Sport-Academy-Management-backend] INFO  o.eclipse.m2e.core.internal.Bundles - 	Entry: C:\sts-4.26.0.RELEASE\plugins\org.eclipse.m2e.maven.runtime_3.9.900.20240824-1409\jars\maven-resolver-transport-file-1.9.22.jar
2025-02-12 01:59:19,698 [Worker-1: Launching Executing clean in C__Users_user_OneDrive_Documents_982_SPORTICO_project_SPORTICO-Sport-Academy-Management-backend] INFO  o.eclipse.m2e.core.internal.Bundles - 	Entry: C:\sts-4.26.0.RELEASE\plugins\org.eclipse.m2e.maven.runtime_3.9.900.20240824-1409\jars\maven-resolver-transport-http-1.9.22.jar
2025-02-12 01:59:19,698 [Worker-1: Launching Executing clean in C__Users_user_OneDrive_Documents_982_SPORTICO_project_SPORTICO-Sport-Academy-Management-backend] INFO  o.eclipse.m2e.core.internal.Bundles - 	Entry: C:\sts-4.26.0.RELEASE\plugins\org.eclipse.m2e.maven.runtime_3.9.900.20240824-1409\jars\maven-resolver-transport-wagon-1.9.22.jar
2025-02-12 01:59:19,698 [Worker-1: Launching Executing clean in C__Users_user_OneDrive_Documents_982_SPORTICO_project_SPORTICO-Sport-Academy-Management-backend] INFO  o.eclipse.m2e.core.internal.Bundles - 	Entry: C:\sts-4.26.0.RELEASE\plugins\org.eclipse.m2e.maven.runtime_3.9.900.20240824-1409\jars\maven-resolver-util-1.9.22.jar
2025-02-12 01:59:19,698 [Worker-1: Launching Executing clean in C__Users_user_OneDrive_Documents_982_SPORTICO_project_SPORTICO-Sport-Academy-Management-backend] INFO  o.eclipse.m2e.core.internal.Bundles - 	Entry: C:\sts-4.26.0.RELEASE\plugins\org.eclipse.m2e.maven.runtime_3.9.900.20240824-1409\jars\maven-settings-3.9.9.jar
2025-02-12 01:59:19,698 [Worker-1: Launching Executing clean in C__Users_user_OneDrive_Documents_982_SPORTICO_project_SPORTICO-Sport-Academy-Management-backend] INFO  o.eclipse.m2e.core.internal.Bundles - 	Entry: C:\sts-4.26.0.RELEASE\plugins\org.eclipse.m2e.maven.runtime_3.9.900.20240824-1409\jars\maven-settings-builder-3.9.9.jar
2025-02-12 01:59:19,698 [Worker-1: Launching Executing clean in C__Users_user_OneDrive_Documents_982_SPORTICO_project_SPORTICO-Sport-Academy-Management-backend] INFO  o.eclipse.m2e.core.internal.Bundles - 	Entry: C:\sts-4.26.0.RELEASE\plugins\org.eclipse.m2e.maven.runtime_3.9.900.20240824-1409\jars\maven-shared-utils-3.4.2.jar
2025-02-12 01:59:19,698 [Worker-1: Launching Executing clean in C__Users_user_OneDrive_Documents_982_SPORTICO_project_SPORTICO-Sport-Academy-Management-backend] INFO  o.eclipse.m2e.core.internal.Bundles - 	Entry: C:\sts-4.26.0.RELEASE\plugins\org.eclipse.m2e.maven.runtime_3.9.900.20240824-1409\jars\org.eclipse.sisu.inject-0.9.0.M3.jar
2025-02-12 01:59:19,698 [Worker-1: Launching Executing clean in C__Users_user_OneDrive_Documents_982_SPORTICO_project_SPORTICO-Sport-Academy-Management-backend] INFO  o.eclipse.m2e.core.internal.Bundles - 	Entry: C:\sts-4.26.0.RELEASE\plugins\org.eclipse.m2e.maven.runtime_3.9.900.20240824-1409\jars\org.eclipse.sisu.plexus-0.9.0.M3.jar
2025-02-12 01:59:19,698 [Worker-1: Launching Executing clean in C__Users_user_OneDrive_Documents_982_SPORTICO_project_SPORTICO-Sport-Academy-Management-backend] INFO  o.eclipse.m2e.core.internal.Bundles - 	Entry: C:\sts-4.26.0.RELEASE\plugins\org.eclipse.m2e.maven.runtime_3.9.900.20240824-1409\jars\plexus-build-api-0.0.7.jar
2025-02-12 01:59:19,699 [Worker-1: Launching Executing clean in C__Users_user_OneDrive_Documents_982_SPORTICO_project_SPORTICO-Sport-Academy-Management-backend] INFO  o.eclipse.m2e.core.internal.Bundles - 	Entry: C:\sts-4.26.0.RELEASE\plugins\org.eclipse.m2e.maven.runtime_3.9.900.20240824-1409\jars\plexus-build-api-1.2.0.jar
2025-02-12 01:59:19,699 [Worker-1: Launching Executing clean in C__Users_user_OneDrive_Documents_982_SPORTICO_project_SPORTICO-Sport-Academy-Management-backend] INFO  o.eclipse.m2e.core.internal.Bundles - 	Entry: C:\sts-4.26.0.RELEASE\plugins\org.eclipse.m2e.maven.runtime_3.9.900.20240824-1409\jars\plexus-cipher-2.0.jar
2025-02-12 01:59:19,699 [Worker-1: Launching Executing clean in C__Users_user_OneDrive_Documents_982_SPORTICO_project_SPORTICO-Sport-Academy-Management-backend] INFO  o.eclipse.m2e.core.internal.Bundles - 	Entry: C:\sts-4.26.0.RELEASE\plugins\org.eclipse.m2e.maven.runtime_3.9.900.20240824-1409\jars\plexus-classworlds-2.8.0.jar
2025-02-12 01:59:19,699 [Worker-1: Launching Executing clean in C__Users_user_OneDrive_Documents_982_SPORTICO_project_SPORTICO-Sport-Academy-Management-backend] INFO  o.eclipse.m2e.core.internal.Bundles - 	Entry: C:\sts-4.26.0.RELEASE\plugins\org.eclipse.m2e.maven.runtime_3.9.900.20240824-1409\jars\plexus-component-annotations-2.1.0.jar
2025-02-12 01:59:19,699 [Worker-1: Launching Executing clean in C__Users_user_OneDrive_Documents_982_SPORTICO_project_SPORTICO-Sport-Academy-Management-backend] INFO  o.eclipse.m2e.core.internal.Bundles - 	Entry: C:\sts-4.26.0.RELEASE\plugins\org.eclipse.m2e.maven.runtime_3.9.900.20240824-1409\jars\plexus-interpolation-1.27.jar
2025-02-12 01:59:19,699 [Worker-1: Launching Executing clean in C__Users_user_OneDrive_Documents_982_SPORTICO_project_SPORTICO-Sport-Academy-Management-backend] INFO  o.eclipse.m2e.core.internal.Bundles - 	Entry: C:\sts-4.26.0.RELEASE\plugins\org.eclipse.m2e.maven.runtime_3.9.900.20240824-1409\jars\plexus-sec-dispatcher-2.0.jar
2025-02-12 01:59:19,699 [Worker-1: Launching Executing clean in C__Users_user_OneDrive_Documents_982_SPORTICO_project_SPORTICO-Sport-Academy-Management-backend] INFO  o.eclipse.m2e.core.internal.Bundles - 	Entry: C:\sts-4.26.0.RELEASE\plugins\org.eclipse.m2e.maven.runtime_3.9.900.20240824-1409\jars\plexus-utils-3.5.1.jar
2025-02-12 01:59:19,699 [Worker-1: Launching Executing clean in C__Users_user_OneDrive_Documents_982_SPORTICO_project_SPORTICO-Sport-Academy-Management-backend] INFO  o.eclipse.m2e.core.internal.Bundles - 	Entry: C:\sts-4.26.0.RELEASE\plugins\org.eclipse.m2e.maven.runtime_3.9.900.20240824-1409\jars\plexus-xml-3.0.1.jar
2025-02-12 01:59:19,699 [Worker-1: Launching Executing clean in C__Users_user_OneDrive_Documents_982_SPORTICO_project_SPORTICO-Sport-Academy-Management-backend] INFO  o.eclipse.m2e.core.internal.Bundles - 	Entry: C:\sts-4.26.0.RELEASE\plugins\org.eclipse.m2e.maven.runtime_3.9.900.20240824-1409\jars\wagon-file-3.5.3.jar
2025-02-12 01:59:19,699 [Worker-1: Launching Executing clean in C__Users_user_OneDrive_Documents_982_SPORTICO_project_SPORTICO-Sport-Academy-Management-backend] INFO  o.eclipse.m2e.core.internal.Bundles - 	Entry: C:\sts-4.26.0.RELEASE\plugins\org.eclipse.m2e.maven.runtime_3.9.900.20240824-1409\jars\wagon-http-3.5.3.jar
2025-02-12 01:59:19,699 [Worker-1: Launching Executing clean in C__Users_user_OneDrive_Documents_982_SPORTICO_project_SPORTICO-Sport-Academy-Management-backend] INFO  o.eclipse.m2e.core.internal.Bundles - 	Entry: C:\sts-4.26.0.RELEASE\plugins\org.eclipse.m2e.maven.runtime_3.9.900.20240824-1409\jars\wagon-http-shared-3.5.3.jar
2025-02-12 01:59:19,700 [Worker-1: Launching Executing clean in C__Users_user_OneDrive_Documents_982_SPORTICO_project_SPORTICO-Sport-Academy-Management-backend] INFO  o.eclipse.m2e.core.internal.Bundles - 	Entry: C:\sts-4.26.0.RELEASE\plugins\org.eclipse.m2e.maven.runtime_3.9.900.20240824-1409\jars\wagon-provider-api-3.5.3.jar
2025-02-12 01:59:19,700 [Worker-1: Launching Executing clean in C__Users_user_OneDrive_Documents_982_SPORTICO_project_SPORTICO-Sport-Academy-Management-backend] INFO  o.eclipse.m2e.core.internal.Bundles - getClasspathEntries(Bundle=com.google.guava_33.3.1.jre [615])
2025-02-12 01:59:19,700 [Worker-1: Launching Executing clean in C__Users_user_OneDrive_Documents_982_SPORTICO_project_SPORTICO-Sport-Academy-Management-backend] INFO  o.eclipse.m2e.core.internal.Bundles - 	Entry: C:\sts-4.26.0.RELEASE\plugins\com.google.guava_33.3.1.jre.jar
2025-02-12 01:59:19,700 [Worker-1: Launching Executing clean in C__Users_user_OneDrive_Documents_982_SPORTICO_project_SPORTICO-Sport-Academy-Management-backend] INFO  o.eclipse.m2e.core.internal.Bundles - getClasspathEntries(Bundle=slf4j.api_2.0.16 [593])
2025-02-12 01:59:19,701 [Worker-1: Launching Executing clean in C__Users_user_OneDrive_Documents_982_SPORTICO_project_SPORTICO-Sport-Academy-Management-backend] INFO  o.eclipse.m2e.core.internal.Bundles - 	Entry: C:\sts-4.26.0.RELEASE\plugins\slf4j.api_2.0.16.jar
2025-02-12 01:59:19,701 [Worker-1: Launching Executing clean in C__Users_user_OneDrive_Documents_982_SPORTICO_project_SPORTICO-Sport-Academy-Management-backend] INFO  o.eclipse.m2e.core.internal.Bundles - getClasspathEntries(Bundle=jakarta.inject.jakarta.inject-api_1.0.5 [45])
2025-02-12 01:59:19,701 [Worker-1: Launching Executing clean in C__Users_user_OneDrive_Documents_982_SPORTICO_project_SPORTICO-Sport-Academy-Management-backend] INFO  o.eclipse.m2e.core.internal.Bundles - 	Entry: C:\sts-4.26.0.RELEASE\plugins\jakarta.inject.jakarta.inject-api_1.0.5.jar
2025-02-12 01:59:19,701 [Worker-1: Launching Executing clean in C__Users_user_OneDrive_Documents_982_SPORTICO_project_SPORTICO-Sport-Academy-Management-backend] INFO  o.eclipse.m2e.core.internal.Bundles - getClasspathEntries(Bundle=jakarta.annotation-api_1.3.5 [41])
2025-02-12 01:59:19,701 [Worker-1: Launching Executing clean in C__Users_user_OneDrive_Documents_982_SPORTICO_project_SPORTICO-Sport-Academy-Management-backend] INFO  o.eclipse.m2e.core.internal.Bundles - 	Entry: C:\sts-4.26.0.RELEASE\plugins\jakarta.annotation-api_1.3.5.jar
2025-02-12 01:59:19,701 [Worker-1: Launching Executing clean in C__Users_user_OneDrive_Documents_982_SPORTICO_project_SPORTICO-Sport-Academy-Management-backend] INFO  o.eclipse.m2e.core.internal.Bundles - getClasspathEntries(Bundle=org.apache.commons.cli_1.9.0 [77])
2025-02-12 01:59:19,702 [Worker-1: Launching Executing clean in C__Users_user_OneDrive_Documents_982_SPORTICO_project_SPORTICO-Sport-Academy-Management-backend] INFO  o.eclipse.m2e.core.internal.Bundles - 	Entry: C:\sts-4.26.0.RELEASE\plugins\org.apache.commons.cli_1.9.0.jar
2025-02-12 01:59:19,702 [Worker-1: Launching Executing clean in C__Users_user_OneDrive_Documents_982_SPORTICO_project_SPORTICO-Sport-Academy-Management-backend] INFO  o.eclipse.m2e.core.internal.Bundles - getClasspathEntries(Bundle=org.apache.commons.commons-codec_1.16.0 [80])
2025-02-12 01:59:19,702 [Worker-1: Launching Executing clean in C__Users_user_OneDrive_Documents_982_SPORTICO_project_SPORTICO-Sport-Academy-Management-backend] INFO  o.eclipse.m2e.core.internal.Bundles - 	Entry: C:\sts-4.26.0.RELEASE\plugins\org.apache.commons.commons-codec_1.16.0.jar
2025-02-12 01:59:19,702 [Worker-1: Launching Executing clean in C__Users_user_OneDrive_Documents_982_SPORTICO_project_SPORTICO-Sport-Academy-Management-backend] INFO  o.eclipse.m2e.core.internal.Bundles - getClasspathEntries(Bundle=com.google.guava.failureaccess_1.0.2 [30])
2025-02-12 01:59:19,702 [Worker-1: Launching Executing clean in C__Users_user_OneDrive_Documents_982_SPORTICO_project_SPORTICO-Sport-Academy-Management-backend] INFO  o.eclipse.m2e.core.internal.Bundles - 	Entry: C:\sts-4.26.0.RELEASE\plugins\com.google.guava.failureaccess_1.0.2.jar
2025-02-12 01:59:19,703 [Worker-1: Launching Executing clean in C__Users_user_OneDrive_Documents_982_SPORTICO_project_SPORTICO-Sport-Academy-Management-backend] INFO  o.e.m.i.launch.MavenLaunchDelegate - Run build in "C:\Users\user\OneDrive\Documents\982\SPORTICO_project\SPORTICO-Sport-Academy-Management-backend":
2025-02-12 01:59:19,703 [Worker-1: Launching Executing clean in C__Users_user_OneDrive_Documents_982_SPORTICO_project_SPORTICO-Sport-Academy-Management-backend] INFO  o.e.m.i.launch.MavenLaunchDelegate -  mvn  -B -Dstyle.color=always clean
2025-02-12 01:59:22,994 [Worker-7: Building] INFO  o.a.m.s.f.DefaultMavenResourcesFiltering - Copying 1 resource from src\main\resources to target\classes
2025-02-12 01:59:23,008 [Worker-7: Building] INFO  o.a.m.s.f.DefaultMavenResourcesFiltering - Copying 1 resource from src\main\resources to target\classes
2025-02-12 01:59:23,020 [Worker-7: Building] INFO  o.a.m.s.f.DefaultMavenResourcesFiltering - skip non existing resourceDirectory C:\Users\user\OneDrive\Documents\982\SPORTICO_project\SPORTICO-Sport-Academy-Management-backend\src\test\resources
2025-02-12 01:59:24,394 [Worker-4: Launching Executing install in C__Users_user_OneDrive_Documents_982_SPORTICO_project_SPORTICO-Sport-Academy-Management-backend] INFO  o.eclipse.m2e.core.internal.Bundles - getClasspathEntries(Bundle=org.eclipse.m2e.maven.runtime_3.9.900.20240824-1409 [360])
2025-02-12 01:59:24,395 [Worker-4: Launching Executing install in C__Users_user_OneDrive_Documents_982_SPORTICO_project_SPORTICO-Sport-Academy-Management-backend] INFO  o.eclipse.m2e.core.internal.Bundles - 	Entry: C:\sts-4.26.0.RELEASE\plugins\org.eclipse.m2e.maven.runtime_3.9.900.20240824-1409
2025-02-12 01:59:24,395 [Worker-4: Launching Executing install in C__Users_user_OneDrive_Documents_982_SPORTICO_project_SPORTICO-Sport-Academy-Management-backend] INFO  o.eclipse.m2e.core.internal.Bundles - 	Entry: C:\sts-4.26.0.RELEASE\plugins\org.eclipse.m2e.maven.runtime_3.9.900.20240824-1409\jars\aopalliance-1.0.jar
2025-02-12 01:59:24,395 [Worker-4: Launching Executing install in C__Users_user_OneDrive_Documents_982_SPORTICO_project_SPORTICO-Sport-Academy-Management-backend] INFO  o.eclipse.m2e.core.internal.Bundles - 	Entry: C:\sts-4.26.0.RELEASE\plugins\org.eclipse.m2e.maven.runtime_3.9.900.20240824-1409\jars\guice-5.1.0.jar
2025-02-12 01:59:24,395 [Worker-4: Launching Executing install in C__Users_user_OneDrive_Documents_982_SPORTICO_project_SPORTICO-Sport-Academy-Management-backend] INFO  o.eclipse.m2e.core.internal.Bundles - 	Entry: C:\sts-4.26.0.RELEASE\plugins\org.eclipse.m2e.maven.runtime_3.9.900.20240824-1409\jars\httpclient-4.5.14.jar
2025-02-12 01:59:24,395 [Worker-4: Launching Executing install in C__Users_user_OneDrive_Documents_982_SPORTICO_project_SPORTICO-Sport-Academy-Management-backend] INFO  o.eclipse.m2e.core.internal.Bundles - 	Entry: C:\sts-4.26.0.RELEASE\plugins\org.eclipse.m2e.maven.runtime_3.9.900.20240824-1409\jars\httpcore-4.4.16.jar
2025-02-12 01:59:24,395 [Worker-4: Launching Executing install in C__Users_user_OneDrive_Documents_982_SPORTICO_project_SPORTICO-Sport-Academy-Management-backend] INFO  o.eclipse.m2e.core.internal.Bundles - 	Entry: C:\sts-4.26.0.RELEASE\plugins\org.eclipse.m2e.maven.runtime_3.9.900.20240824-1409\jars\jansi-2.4.1.jar
2025-02-12 01:59:24,395 [Worker-4: Launching Executing install in C__Users_user_OneDrive_Documents_982_SPORTICO_project_SPORTICO-Sport-Academy-Management-backend] INFO  o.eclipse.m2e.core.internal.Bundles - 	Entry: C:\sts-4.26.0.RELEASE\plugins\org.eclipse.m2e.maven.runtime_3.9.900.20240824-1409\jars\jcl-over-slf4j-1.7.36.jar
2025-02-12 01:59:24,396 [Worker-4: Launching Executing install in C__Users_user_OneDrive_Documents_982_SPORTICO_project_SPORTICO-Sport-Academy-Management-backend] INFO  o.eclipse.m2e.core.internal.Bundles - 	Entry: C:\sts-4.26.0.RELEASE\plugins\org.eclipse.m2e.maven.runtime_3.9.900.20240824-1409\jars\maven-artifact-3.9.9.jar
2025-02-12 01:59:24,396 [Worker-4: Launching Executing install in C__Users_user_OneDrive_Documents_982_SPORTICO_project_SPORTICO-Sport-Academy-Management-backend] INFO  o.eclipse.m2e.core.internal.Bundles - 	Entry: C:\sts-4.26.0.RELEASE\plugins\org.eclipse.m2e.maven.runtime_3.9.900.20240824-1409\jars\maven-builder-support-3.9.9.jar
2025-02-12 01:59:24,397 [Worker-4: Launching Executing install in C__Users_user_OneDrive_Documents_982_SPORTICO_project_SPORTICO-Sport-Academy-Management-backend] INFO  o.eclipse.m2e.core.internal.Bundles - 	Entry: C:\sts-4.26.0.RELEASE\plugins\org.eclipse.m2e.maven.runtime_3.9.900.20240824-1409\jars\maven-compat-3.9.9.jar
2025-02-12 01:59:24,397 [Worker-4: Launching Executing install in C__Users_user_OneDrive_Documents_982_SPORTICO_project_SPORTICO-Sport-Academy-Management-backend] INFO  o.eclipse.m2e.core.internal.Bundles - 	Entry: C:\sts-4.26.0.RELEASE\plugins\org.eclipse.m2e.maven.runtime_3.9.900.20240824-1409\jars\maven-core-3.9.9.jar
2025-02-12 01:59:24,397 [Worker-4: Launching Executing install in C__Users_user_OneDrive_Documents_982_SPORTICO_project_SPORTICO-Sport-Academy-Management-backend] INFO  o.eclipse.m2e.core.internal.Bundles - 	Entry: C:\sts-4.26.0.RELEASE\plugins\org.eclipse.m2e.maven.runtime_3.9.900.20240824-1409\jars\maven-embedder-3.9.9.jar
2025-02-12 01:59:24,397 [Worker-4: Launching Executing install in C__Users_user_OneDrive_Documents_982_SPORTICO_project_SPORTICO-Sport-Academy-Management-backend] INFO  o.eclipse.m2e.core.internal.Bundles - 	Entry: C:\sts-4.26.0.RELEASE\plugins\org.eclipse.m2e.maven.runtime_3.9.900.20240824-1409\jars\maven-model-3.9.9.jar
2025-02-12 01:59:24,397 [Worker-4: Launching Executing install in C__Users_user_OneDrive_Documents_982_SPORTICO_project_SPORTICO-Sport-Academy-Management-backend] INFO  o.eclipse.m2e.core.internal.Bundles - 	Entry: C:\sts-4.26.0.RELEASE\plugins\org.eclipse.m2e.maven.runtime_3.9.900.20240824-1409\jars\maven-model-builder-3.9.9.jar
2025-02-12 01:59:24,397 [Worker-4: Launching Executing install in C__Users_user_OneDrive_Documents_982_SPORTICO_project_SPORTICO-Sport-Academy-Management-backend] INFO  o.eclipse.m2e.core.internal.Bundles - 	Entry: C:\sts-4.26.0.RELEASE\plugins\org.eclipse.m2e.maven.runtime_3.9.900.20240824-1409\jars\maven-plugin-api-3.9.9.jar
2025-02-12 01:59:24,398 [Worker-4: Launching Executing install in C__Users_user_OneDrive_Documents_982_SPORTICO_project_SPORTICO-Sport-Academy-Management-backend] INFO  o.eclipse.m2e.core.internal.Bundles - 	Entry: C:\sts-4.26.0.RELEASE\plugins\org.eclipse.m2e.maven.runtime_3.9.900.20240824-1409\jars\maven-repository-metadata-3.9.9.jar
2025-02-12 01:59:24,398 [Worker-4: Launching Executing install in C__Users_user_OneDrive_Documents_982_SPORTICO_project_SPORTICO-Sport-Academy-Management-backend] INFO  o.eclipse.m2e.core.internal.Bundles - 	Entry: C:\sts-4.26.0.RELEASE\plugins\org.eclipse.m2e.maven.runtime_3.9.900.20240824-1409\jars\maven-resolver-api-1.9.22.jar
2025-02-12 01:59:24,398 [Worker-4: Launching Executing install in C__Users_user_OneDrive_Documents_982_SPORTICO_project_SPORTICO-Sport-Academy-Management-backend] INFO  o.eclipse.m2e.core.internal.Bundles - 	Entry: C:\sts-4.26.0.RELEASE\plugins\org.eclipse.m2e.maven.runtime_3.9.900.20240824-1409\jars\maven-resolver-connector-basic-1.9.22.jar
2025-02-12 01:59:24,399 [Worker-4: Launching Executing install in C__Users_user_OneDrive_Documents_982_SPORTICO_project_SPORTICO-Sport-Academy-Management-backend] INFO  o.eclipse.m2e.core.internal.Bundles - 	Entry: C:\sts-4.26.0.RELEASE\plugins\org.eclipse.m2e.maven.runtime_3.9.900.20240824-1409\jars\maven-resolver-impl-1.9.22.jar
2025-02-12 01:59:24,399 [Worker-4: Launching Executing install in C__Users_user_OneDrive_Documents_982_SPORTICO_project_SPORTICO-Sport-Academy-Management-backend] INFO  o.eclipse.m2e.core.internal.Bundles - 	Entry: C:\sts-4.26.0.RELEASE\plugins\org.eclipse.m2e.maven.runtime_3.9.900.20240824-1409\jars\maven-resolver-named-locks-1.9.22.jar
2025-02-12 01:59:24,399 [Worker-4: Launching Executing install in C__Users_user_OneDrive_Documents_982_SPORTICO_project_SPORTICO-Sport-Academy-Management-backend] INFO  o.eclipse.m2e.core.internal.Bundles - 	Entry: C:\sts-4.26.0.RELEASE\plugins\org.eclipse.m2e.maven.runtime_3.9.900.20240824-1409\jars\maven-resolver-provider-3.9.9.jar
2025-02-12 01:59:24,399 [Worker-4: Launching Executing install in C__Users_user_OneDrive_Documents_982_SPORTICO_project_SPORTICO-Sport-Academy-Management-backend] INFO  o.eclipse.m2e.core.internal.Bundles - 	Entry: C:\sts-4.26.0.RELEASE\plugins\org.eclipse.m2e.maven.runtime_3.9.900.20240824-1409\jars\maven-resolver-spi-1.9.22.jar
2025-02-12 01:59:24,399 [Worker-4: Launching Executing install in C__Users_user_OneDrive_Documents_982_SPORTICO_project_SPORTICO-Sport-Academy-Management-backend] INFO  o.eclipse.m2e.core.internal.Bundles - 	Entry: C:\sts-4.26.0.RELEASE\plugins\org.eclipse.m2e.maven.runtime_3.9.900.20240824-1409\jars\maven-resolver-transport-file-1.9.22.jar
2025-02-12 01:59:24,399 [Worker-4: Launching Executing install in C__Users_user_OneDrive_Documents_982_SPORTICO_project_SPORTICO-Sport-Academy-Management-backend] INFO  o.eclipse.m2e.core.internal.Bundles - 	Entry: C:\sts-4.26.0.RELEASE\plugins\org.eclipse.m2e.maven.runtime_3.9.900.20240824-1409\jars\maven-resolver-transport-http-1.9.22.jar
2025-02-12 01:59:24,400 [Worker-4: Launching Executing install in C__Users_user_OneDrive_Documents_982_SPORTICO_project_SPORTICO-Sport-Academy-Management-backend] INFO  o.eclipse.m2e.core.internal.Bundles - 	Entry: C:\sts-4.26.0.RELEASE\plugins\org.eclipse.m2e.maven.runtime_3.9.900.20240824-1409\jars\maven-resolver-transport-wagon-1.9.22.jar
2025-02-12 01:59:24,400 [Worker-4: Launching Executing install in C__Users_user_OneDrive_Documents_982_SPORTICO_project_SPORTICO-Sport-Academy-Management-backend] INFO  o.eclipse.m2e.core.internal.Bundles - 	Entry: C:\sts-4.26.0.RELEASE\plugins\org.eclipse.m2e.maven.runtime_3.9.900.20240824-1409\jars\maven-resolver-util-1.9.22.jar
2025-02-12 01:59:24,400 [Worker-4: Launching Executing install in C__Users_user_OneDrive_Documents_982_SPORTICO_project_SPORTICO-Sport-Academy-Management-backend] INFO  o.eclipse.m2e.core.internal.Bundles - 	Entry: C:\sts-4.26.0.RELEASE\plugins\org.eclipse.m2e.maven.runtime_3.9.900.20240824-1409\jars\maven-settings-3.9.9.jar
2025-02-12 01:59:24,400 [Worker-4: Launching Executing install in C__Users_user_OneDrive_Documents_982_SPORTICO_project_SPORTICO-Sport-Academy-Management-backend] INFO  o.eclipse.m2e.core.internal.Bundles - 	Entry: C:\sts-4.26.0.RELEASE\plugins\org.eclipse.m2e.maven.runtime_3.9.900.20240824-1409\jars\maven-settings-builder-3.9.9.jar
2025-02-12 01:59:24,400 [Worker-4: Launching Executing install in C__Users_user_OneDrive_Documents_982_SPORTICO_project_SPORTICO-Sport-Academy-Management-backend] INFO  o.eclipse.m2e.core.internal.Bundles - 	Entry: C:\sts-4.26.0.RELEASE\plugins\org.eclipse.m2e.maven.runtime_3.9.900.20240824-1409\jars\maven-shared-utils-3.4.2.jar
2025-02-12 01:59:24,400 [Worker-4: Launching Executing install in C__Users_user_OneDrive_Documents_982_SPORTICO_project_SPORTICO-Sport-Academy-Management-backend] INFO  o.eclipse.m2e.core.internal.Bundles - 	Entry: C:\sts-4.26.0.RELEASE\plugins\org.eclipse.m2e.maven.runtime_3.9.900.20240824-1409\jars\org.eclipse.sisu.inject-0.9.0.M3.jar
2025-02-12 01:59:24,400 [Worker-4: Launching Executing install in C__Users_user_OneDrive_Documents_982_SPORTICO_project_SPORTICO-Sport-Academy-Management-backend] INFO  o.eclipse.m2e.core.internal.Bundles - 	Entry: C:\sts-4.26.0.RELEASE\plugins\org.eclipse.m2e.maven.runtime_3.9.900.20240824-1409\jars\org.eclipse.sisu.plexus-0.9.0.M3.jar
2025-02-12 01:59:24,400 [Worker-4: Launching Executing install in C__Users_user_OneDrive_Documents_982_SPORTICO_project_SPORTICO-Sport-Academy-Management-backend] INFO  o.eclipse.m2e.core.internal.Bundles - 	Entry: C:\sts-4.26.0.RELEASE\plugins\org.eclipse.m2e.maven.runtime_3.9.900.20240824-1409\jars\plexus-build-api-0.0.7.jar
2025-02-12 01:59:24,400 [Worker-4: Launching Executing install in C__Users_user_OneDrive_Documents_982_SPORTICO_project_SPORTICO-Sport-Academy-Management-backend] INFO  o.eclipse.m2e.core.internal.Bundles - 	Entry: C:\sts-4.26.0.RELEASE\plugins\org.eclipse.m2e.maven.runtime_3.9.900.20240824-1409\jars\plexus-build-api-1.2.0.jar
2025-02-12 01:59:24,400 [Worker-4: Launching Executing install in C__Users_user_OneDrive_Documents_982_SPORTICO_project_SPORTICO-Sport-Academy-Management-backend] INFO  o.eclipse.m2e.core.internal.Bundles - 	Entry: C:\sts-4.26.0.RELEASE\plugins\org.eclipse.m2e.maven.runtime_3.9.900.20240824-1409\jars\plexus-cipher-2.0.jar
2025-02-12 01:59:24,401 [Worker-4: Launching Executing install in C__Users_user_OneDrive_Documents_982_SPORTICO_project_SPORTICO-Sport-Academy-Management-backend] INFO  o.eclipse.m2e.core.internal.Bundles - 	Entry: C:\sts-4.26.0.RELEASE\plugins\org.eclipse.m2e.maven.runtime_3.9.900.20240824-1409\jars\plexus-classworlds-2.8.0.jar
2025-02-12 01:59:24,401 [Worker-4: Launching Executing install in C__Users_user_OneDrive_Documents_982_SPORTICO_project_SPORTICO-Sport-Academy-Management-backend] INFO  o.eclipse.m2e.core.internal.Bundles - 	Entry: C:\sts-4.26.0.RELEASE\plugins\org.eclipse.m2e.maven.runtime_3.9.900.20240824-1409\jars\plexus-component-annotations-2.1.0.jar
2025-02-12 01:59:24,401 [Worker-4: Launching Executing install in C__Users_user_OneDrive_Documents_982_SPORTICO_project_SPORTICO-Sport-Academy-Management-backend] INFO  o.eclipse.m2e.core.internal.Bundles - 	Entry: C:\sts-4.26.0.RELEASE\plugins\org.eclipse.m2e.maven.runtime_3.9.900.20240824-1409\jars\plexus-interpolation-1.27.jar
2025-02-12 01:59:24,401 [Worker-4: Launching Executing install in C__Users_user_OneDrive_Documents_982_SPORTICO_project_SPORTICO-Sport-Academy-Management-backend] INFO  o.eclipse.m2e.core.internal.Bundles - 	Entry: C:\sts-4.26.0.RELEASE\plugins\org.eclipse.m2e.maven.runtime_3.9.900.20240824-1409\jars\plexus-sec-dispatcher-2.0.jar
2025-02-12 01:59:24,401 [Worker-4: Launching Executing install in C__Users_user_OneDrive_Documents_982_SPORTICO_project_SPORTICO-Sport-Academy-Management-backend] INFO  o.eclipse.m2e.core.internal.Bundles - 	Entry: C:\sts-4.26.0.RELEASE\plugins\org.eclipse.m2e.maven.runtime_3.9.900.20240824-1409\jars\plexus-utils-3.5.1.jar
2025-02-12 01:59:24,401 [Worker-4: Launching Executing install in C__Users_user_OneDrive_Documents_982_SPORTICO_project_SPORTICO-Sport-Academy-Management-backend] INFO  o.eclipse.m2e.core.internal.Bundles - 	Entry: C:\sts-4.26.0.RELEASE\plugins\org.eclipse.m2e.maven.runtime_3.9.900.20240824-1409\jars\plexus-xml-3.0.1.jar
2025-02-12 01:59:24,401 [Worker-4: Launching Executing install in C__Users_user_OneDrive_Documents_982_SPORTICO_project_SPORTICO-Sport-Academy-Management-backend] INFO  o.eclipse.m2e.core.internal.Bundles - 	Entry: C:\sts-4.26.0.RELEASE\plugins\org.eclipse.m2e.maven.runtime_3.9.900.20240824-1409\jars\wagon-file-3.5.3.jar
2025-02-12 01:59:24,401 [Worker-4: Launching Executing install in C__Users_user_OneDrive_Documents_982_SPORTICO_project_SPORTICO-Sport-Academy-Management-backend] INFO  o.eclipse.m2e.core.internal.Bundles - 	Entry: C:\sts-4.26.0.RELEASE\plugins\org.eclipse.m2e.maven.runtime_3.9.900.20240824-1409\jars\wagon-http-3.5.3.jar
2025-02-12 01:59:24,401 [Worker-4: Launching Executing install in C__Users_user_OneDrive_Documents_982_SPORTICO_project_SPORTICO-Sport-Academy-Management-backend] INFO  o.eclipse.m2e.core.internal.Bundles - 	Entry: C:\sts-4.26.0.RELEASE\plugins\org.eclipse.m2e.maven.runtime_3.9.900.20240824-1409\jars\wagon-http-shared-3.5.3.jar
2025-02-12 01:59:24,402 [Worker-4: Launching Executing install in C__Users_user_OneDrive_Documents_982_SPORTICO_project_SPORTICO-Sport-Academy-Management-backend] INFO  o.eclipse.m2e.core.internal.Bundles - 	Entry: C:\sts-4.26.0.RELEASE\plugins\org.eclipse.m2e.maven.runtime_3.9.900.20240824-1409\jars\wagon-provider-api-3.5.3.jar
2025-02-12 01:59:24,402 [Worker-4: Launching Executing install in C__Users_user_OneDrive_Documents_982_SPORTICO_project_SPORTICO-Sport-Academy-Management-backend] INFO  o.eclipse.m2e.core.internal.Bundles - getClasspathEntries(Bundle=com.google.guava_33.3.1.jre [615])
2025-02-12 01:59:24,402 [Worker-4: Launching Executing install in C__Users_user_OneDrive_Documents_982_SPORTICO_project_SPORTICO-Sport-Academy-Management-backend] INFO  o.eclipse.m2e.core.internal.Bundles - 	Entry: C:\sts-4.26.0.RELEASE\plugins\com.google.guava_33.3.1.jre.jar
2025-02-12 01:59:24,402 [Worker-4: Launching Executing install in C__Users_user_OneDrive_Documents_982_SPORTICO_project_SPORTICO-Sport-Academy-Management-backend] INFO  o.eclipse.m2e.core.internal.Bundles - getClasspathEntries(Bundle=slf4j.api_2.0.16 [593])
2025-02-12 01:59:24,402 [Worker-4: Launching Executing install in C__Users_user_OneDrive_Documents_982_SPORTICO_project_SPORTICO-Sport-Academy-Management-backend] INFO  o.eclipse.m2e.core.internal.Bundles - 	Entry: C:\sts-4.26.0.RELEASE\plugins\slf4j.api_2.0.16.jar
2025-02-12 01:59:24,402 [Worker-4: Launching Executing install in C__Users_user_OneDrive_Documents_982_SPORTICO_project_SPORTICO-Sport-Academy-Management-backend] INFO  o.eclipse.m2e.core.internal.Bundles - getClasspathEntries(Bundle=jakarta.inject.jakarta.inject-api_1.0.5 [45])
2025-02-12 01:59:24,402 [Worker-4: Launching Executing install in C__Users_user_OneDrive_Documents_982_SPORTICO_project_SPORTICO-Sport-Academy-Management-backend] INFO  o.eclipse.m2e.core.internal.Bundles - 	Entry: C:\sts-4.26.0.RELEASE\plugins\jakarta.inject.jakarta.inject-api_1.0.5.jar
2025-02-12 01:59:24,402 [Worker-4: Launching Executing install in C__Users_user_OneDrive_Documents_982_SPORTICO_project_SPORTICO-Sport-Academy-Management-backend] INFO  o.eclipse.m2e.core.internal.Bundles - getClasspathEntries(Bundle=jakarta.annotation-api_1.3.5 [41])
2025-02-12 01:59:24,402 [Worker-4: Launching Executing install in C__Users_user_OneDrive_Documents_982_SPORTICO_project_SPORTICO-Sport-Academy-Management-backend] INFO  o.eclipse.m2e.core.internal.Bundles - 	Entry: C:\sts-4.26.0.RELEASE\plugins\jakarta.annotation-api_1.3.5.jar
2025-02-12 01:59:24,402 [Worker-4: Launching Executing install in C__Users_user_OneDrive_Documents_982_SPORTICO_project_SPORTICO-Sport-Academy-Management-backend] INFO  o.eclipse.m2e.core.internal.Bundles - getClasspathEntries(Bundle=org.apache.commons.cli_1.9.0 [77])
2025-02-12 01:59:24,403 [Worker-4: Launching Executing install in C__Users_user_OneDrive_Documents_982_SPORTICO_project_SPORTICO-Sport-Academy-Management-backend] INFO  o.eclipse.m2e.core.internal.Bundles - 	Entry: C:\sts-4.26.0.RELEASE\plugins\org.apache.commons.cli_1.9.0.jar
2025-02-12 01:59:24,403 [Worker-4: Launching Executing install in C__Users_user_OneDrive_Documents_982_SPORTICO_project_SPORTICO-Sport-Academy-Management-backend] INFO  o.eclipse.m2e.core.internal.Bundles - getClasspathEntries(Bundle=org.apache.commons.commons-codec_1.16.0 [80])
2025-02-12 01:59:24,403 [Worker-4: Launching Executing install in C__Users_user_OneDrive_Documents_982_SPORTICO_project_SPORTICO-Sport-Academy-Management-backend] INFO  o.eclipse.m2e.core.internal.Bundles - 	Entry: C:\sts-4.26.0.RELEASE\plugins\org.apache.commons.commons-codec_1.16.0.jar
2025-02-12 01:59:24,403 [Worker-4: Launching Executing install in C__Users_user_OneDrive_Documents_982_SPORTICO_project_SPORTICO-Sport-Academy-Management-backend] INFO  o.eclipse.m2e.core.internal.Bundles - getClasspathEntries(Bundle=com.google.guava.failureaccess_1.0.2 [30])
2025-02-12 01:59:24,403 [Worker-4: Launching Executing install in C__Users_user_OneDrive_Documents_982_SPORTICO_project_SPORTICO-Sport-Academy-Management-backend] INFO  o.eclipse.m2e.core.internal.Bundles - 	Entry: C:\sts-4.26.0.RELEASE\plugins\com.google.guava.failureaccess_1.0.2.jar
2025-02-12 01:59:24,404 [Worker-4: Launching Executing install in C__Users_user_OneDrive_Documents_982_SPORTICO_project_SPORTICO-Sport-Academy-Management-backend] INFO  o.e.m.i.launch.MavenLaunchDelegate - Run build in "C:\Users\user\OneDrive\Documents\982\SPORTICO_project\SPORTICO-Sport-Academy-Management-backend":
2025-02-12 01:59:24,404 [Worker-4: Launching Executing install in C__Users_user_OneDrive_Documents_982_SPORTICO_project_SPORTICO-Sport-Academy-Management-backend] INFO  o.e.m.i.launch.MavenLaunchDelegate -  mvn  -B -Dstyle.color=always install
2025-02-12 09:28:22,060 [Worker-5: Loading available Gradle versions] INFO  o.e.b.c.i.u.g.PublishedGradleVersions - Gradle version information cache is up-to-date. Trying to read.
2025-02-12 09:28:42,079 [Worker-1: Updating Maven Project] INFO  o.e.m.c.i.p.ProjectConfigurationManager - Update started
2025-02-12 09:28:45,413 [Worker-1: Updating Maven Project] INFO  o.e.m.c.i.l.LifecycleMappingFactory - Using org.eclipse.m2e.jdt.JarLifecycleMapping lifecycle mapping for MavenProject: com.sportico:spring_boot_backend_template:0.0.1-SNAPSHOT @ C:\Users\user\OneDrive\Documents\982\SPORTICO_project\SPORTICO-Sport-Academy-Management-backend\pom.xml.
2025-02-12 09:28:52,167 [Worker-1: Updating Maven Project] INFO  o.e.m.j.i.AbstractJavaProjectConfigurator - Adding source folder /SPORTICO-Sport-Academy-Management-backend/src/main/java
2025-02-12 09:28:52,169 [Worker-1: Updating Maven Project] INFO  o.e.m.j.i.AbstractJavaProjectConfigurator - Adding resource folder /SPORTICO-Sport-Academy-Management-backend/src/main/resources
2025-02-12 09:28:52,170 [Worker-1: Updating Maven Project] INFO  o.e.m.j.i.AbstractJavaProjectConfigurator - Adding resource folder /SPORTICO-Sport-Academy-Management-backend/src/main/resources
2025-02-12 09:28:52,171 [Worker-1: Updating Maven Project] INFO  o.e.m.j.i.AbstractJavaProjectConfigurator - Adding source folder /SPORTICO-Sport-Academy-Management-backend/src/test/java
2025-02-12 09:28:52,172 [Worker-1: Updating Maven Project] INFO  o.e.m.j.i.AbstractJavaProjectConfigurator - Adding resource folder /SPORTICO-Sport-Academy-Management-backend/src/test/resources
2025-02-12 09:28:52,726 [Worker-1: Updating Maven Project] INFO  o.e.m.c.i.p.ProjectConfigurationManager - Update completed for 1 poms: local refresh takes 0.00 sec, refresh facades takes 9.00 sec, update config takes 0.00 sec 
2025-02-12 09:28:55,295 [Worker-10: Building] INFO  o.a.m.s.f.DefaultMavenResourcesFiltering - Copying 1 resource from src\main\resources to target\classes
2025-02-12 09:28:55,322 [Worker-10: Building] INFO  o.a.m.s.f.DefaultMavenResourcesFiltering - Copying 1 resource from src\main\resources to target\classes
2025-02-12 09:28:55,330 [Worker-10: Building] INFO  o.a.m.s.f.DefaultMavenResourcesFiltering - skip non existing resourceDirectory C:\Users\user\OneDrive\Documents\982\SPORTICO_project\SPORTICO-Sport-Academy-Management-backend\src\test\resources
